[11:02:07] [modloading-worker-0/INFO] ========================================
[11:02:07] [modloading-worker-0/INFO] Minecraft: 1.20.1
[11:02:07] [modloading-worker-0/INFO] Side: server
[11:02:07] [modloading-worker-0/INFO] Development: false
[11:02:07] [modloading-worker-0/INFO] Version: 12.0.684
[11:02:07] [modloading-worker-0/INFO] Loader:
[11:02:07] [modloading-worker-0/INFO] - Forge: 47.2.20
[11:02:07] [modloading-worker-0/INFO] Dependencies:
[11:02:07] [modloading-worker-0/INFO] - Cloth Config: 11.1.118
[11:02:07] [modloading-worker-0/INFO] - Architectury: 9.1.13
[11:02:07] [modloading-worker-0/INFO] Mixin: 0.8.5
[11:02:07] [modloading-worker-0/INFO] OS: Windows 10 10.0 (amd64)
[11:02:07] [modloading-worker-0/INFO] Java: 18 (Oracle Corporation)
[11:02:07] [modloading-worker-0/INFO] ========================================
[11:02:07] [modloading-worker-0/INFO] Mods:
[11:02:07] [modloading-worker-0/INFO] - ae2: 15.0.21
[11:02:07] [modloading-worker-0/INFO] - ae2things: 1.2.1
[11:02:07] [modloading-worker-0/INFO] - ae2wtlib: 15.2.1-forge
[11:02:07] [modloading-worker-0/INFO] - almostunified: 1.20.1-0.8.0
[11:02:07] [modloading-worker-0/INFO] - appmek: 1.4.2
[11:02:07] [modloading-worker-0/INFO] - architectury: 9.1.13
[11:02:07] [modloading-worker-0/INFO] - ars_nouveau: 4.9.0
[11:02:07] [modloading-worker-0/INFO] - betterdeserttemples: 1.20-Forge-3.0.3
[11:02:07] [modloading-worker-0/INFO] - betterdungeons: 1.20-Forge-4.0.3
[11:02:07] [modloading-worker-0/INFO] - betterendisland: 1.20-Forge-2.0.5
[11:02:07] [modloading-worker-0/INFO] - betterfortresses: 1.20-Forge-2.0.5
[11:02:07] [modloading-worker-0/INFO] - betterjungletemples: 1.20-Forge-2.0.4
[11:02:07] [modloading-worker-0/INFO] - bettermineshafts: 1.20-Forge-4.0.4
[11:02:07] [modloading-worker-0/INFO] - betteroceanmonuments: 1.20-Forge-3.0.4
[11:02:07] [modloading-worker-0/INFO] - betterstrongholds: 1.20-Forge-4.0.3
[11:02:07] [modloading-worker-0/INFO] - betterwitchhuts: 1.20-Forge-3.0.3
[11:02:07] [modloading-worker-0/INFO] - bigreactors: 1.20.1-2.0.77
[11:02:07] [modloading-worker-0/INFO] - biomesoplenty: 18.0.0.592
[11:02:07] [modloading-worker-0/INFO] - bookshelf: 20.1.9
[11:02:07] [modloading-worker-0/INFO] - botania: 1.20.1-443-FORGE
[11:02:07] [modloading-worker-0/INFO] - buildinggadgets2: 1.0.6
[11:02:07] [modloading-worker-0/INFO] - chunkloaders: 1.2.8a
[11:02:07] [modloading-worker-0/INFO] - cloth_config: 11.1.118
[11:02:07] [modloading-worker-0/INFO] - cofh_core: 11.0.0
[11:02:07] [modloading-worker-0/INFO] - collective: 7.32
[11:02:07] [modloading-worker-0/INFO] - comforts: 6.3.5+1.20.1
[11:02:07] [modloading-worker-0/INFO] - compressedcreativity: 1.20.1-0.1.8.b
[11:02:07] [modloading-worker-0/INFO] - connectedglass: 1.1.11
[11:02:07] [modloading-worker-0/INFO] - constructionwand: 1.20.1-2.11
[11:02:07] [modloading-worker-0/INFO] - create: 0.5.1.f
[11:02:07] [modloading-worker-0/INFO] - create_dragon_lib: 1.3.3
[11:02:07] [modloading-worker-0/INFO] - create_enchantment_industry: 1.2.8
[11:02:07] [modloading-worker-0/INFO] - create_sa: 2.0.4.
[11:02:07] [modloading-worker-0/INFO] - createaddition: 1.20.1-1.2.3
[11:02:07] [modloading-worker-0/INFO] - createdieselgenerators: 1.20.1-1.2h
[11:02:07] [modloading-worker-0/INFO] - createendertransmission: 2.0.7-1.20.1
[11:02:07] [modloading-worker-0/INFO] - createliquidfuel: 2.1.0-1.20.1
[11:02:07] [modloading-worker-0/INFO] - createoreexcavation: 1.4.2
[11:02:07] [modloading-worker-0/INFO] - createutilities: 0.2.0+1.20.1
[11:02:07] [modloading-worker-0/INFO] - cucumber: 7.0.7
[11:02:07] [modloading-worker-0/INFO] - curios: 5.7.0+1.20.1
[11:02:07] [modloading-worker-0/INFO] - darkutils: 17.0.3
[11:02:07] [modloading-worker-0/INFO] - elevatorid: 1.20.1-lex-1.9
[11:02:07] [modloading-worker-0/INFO] - enchdesc: 17.0.13
[11:02:07] [modloading-worker-0/INFO] - enderio: 6.0.24-alpha
[11:02:07] [modloading-worker-0/INFO] - fluxnetworks: 7.2.0.14
[11:02:07] [modloading-worker-0/INFO] - flywheel: 0.6.10-7
[11:02:07] [modloading-worker-0/INFO] - forge: 47.2.20
[11:02:07] [modloading-worker-0/INFO] - ftbchunks: 2001.2.5
[11:02:07] [modloading-worker-0/INFO] - ftbessentials: 2001.2.2
[11:02:07] [modloading-worker-0/INFO] - ftblibrary: 2001.1.5
[11:02:07] [modloading-worker-0/INFO] - ftbranks: 2001.1.3
[11:02:07] [modloading-worker-0/INFO] - ftbteams: 2001.1.4
[11:02:07] [modloading-worker-0/INFO] - fusion: 1.1.1
[11:02:07] [modloading-worker-0/INFO] - geckolib: 4.4.2
[11:02:07] [modloading-worker-0/INFO] - industrialforegoing: 3.5.14
[11:02:07] [modloading-worker-0/INFO] - inventorysorter: 23.0.1
[11:02:07] [modloading-worker-0/INFO] - ironchest: 1.20.1-14.4.4
[11:02:07] [modloading-worker-0/INFO] - itemcollectors: 1.1.9
[11:02:07] [modloading-worker-0/INFO] - jade: 11.7.1
[11:02:07] [modloading-worker-0/INFO] - jei: 15.9999
[11:02:07] [modloading-worker-0/INFO] - jeresources: 1.4.0.247
[11:02:07] [modloading-worker-0/INFO] - journeymap: 5.9.18
[11:02:07] [modloading-worker-0/INFO] - konkrete: 1.8.0
[11:02:07] [modloading-worker-0/INFO] - kotlinforforge: 4.10.0
[11:02:07] [modloading-worker-0/INFO] - mekanism: 10.4.6
[11:02:07] [modloading-worker-0/INFO] - mekanismadditions: 10.4.6
[11:02:07] [modloading-worker-0/INFO] - mekanismgenerators: 10.4.6
[11:02:07] [modloading-worker-0/INFO] - mekanismtools: 10.4.6
[11:02:07] [modloading-worker-0/INFO] - minecraft: 1.20.1
[11:02:07] [modloading-worker-0/INFO] - mininggadgets: 1.15.6
[11:02:07] [modloading-worker-0/INFO] - mixinextras: 0.3.2
[11:02:07] [modloading-worker-0/INFO] - mixinsquared: 0.1.1
[11:02:07] [modloading-worker-0/INFO] - moonlight: 1.20-2.10.5
[11:02:07] [modloading-worker-0/INFO] - mousetweaks: 2.25
[11:02:07] [modloading-worker-0/INFO] - mysticalagriculture: 7.0.9
[11:02:07] [modloading-worker-0/INFO] - patchouli: 1.20.1-84-FORGE
[11:02:07] [modloading-worker-0/INFO] - pigpen: 15.0.2
[11:02:07] [modloading-worker-0/INFO] - pneumaticcraft: 6.0.14+mc1.20.1
[11:02:07] [modloading-worker-0/INFO] - quark: 4.0-436
[11:02:07] [modloading-worker-0/INFO] - quarryplus: 1201.0.51
[11:02:07] [modloading-worker-0/INFO] - railways: 1.5.3+forge-mc1.20.1
[11:02:07] [modloading-worker-0/INFO] - rei_plugin_compatibilities: 12.0.93
[11:02:07] [modloading-worker-0/INFO] - roughlyenoughitems: 12.0.684
[11:02:07] [modloading-worker-0/INFO] - rubidium: 0.7.1a
[11:02:07] [modloading-worker-0/INFO] - runelic: 18.0.2
[11:02:07] [modloading-worker-0/INFO] - silentgear: 3.5.3
[11:02:07] [modloading-worker-0/INFO] - silentlib: 8.0.0
[11:02:07] [modloading-worker-0/INFO] - sliceanddice: 3.2.0
[11:02:07] [modloading-worker-0/INFO] - sodium: 0.5.3
[11:02:07] [modloading-worker-0/INFO] - sophisticatedbackpacks: 3.20.1.1012
[11:02:07] [modloading-worker-0/INFO] - sophisticatedcore: 0.6.3.553
[11:02:07] [modloading-worker-0/INFO] - spectrelib: 0.13.15+1.20.1
[11:02:07] [modloading-worker-0/INFO] - storagedrawers: 12.0.2
[11:02:07] [modloading-worker-0/INFO] - structory: 1.3.4
[11:02:07] [modloading-worker-0/INFO] - supermartijn642configlib: 1.1.8
[11:02:07] [modloading-worker-0/INFO] - supermartijn642corelib: 1.1.17
[11:02:07] [modloading-worker-0/INFO] - supplementaries: 1.20-2.8.1
[11:02:07] [modloading-worker-0/INFO] - terrablender: 3.0.1.4
[11:02:07] [modloading-worker-0/INFO] - thermal: 11.0.2
[11:02:07] [modloading-worker-0/INFO] - thermal_cultivation: 11.0.0
[11:02:07] [modloading-worker-0/INFO] - thermal_dynamics: 11.0.0
[11:02:07] [modloading-worker-0/INFO] - thermal_expansion: 11.0.0
[11:02:07] [modloading-worker-0/INFO] - thermal_foundation: 11.0.2
[11:02:07] [modloading-worker-0/INFO] - thermal_innovation: 11.0.0
[11:02:07] [modloading-worker-0/INFO] - thermal_integration: 11.0.0
[11:02:07] [modloading-worker-0/INFO] - thermaloot: 3.3.0
[11:02:07] [modloading-worker-0/INFO] - titanium: 3.8.25
[11:02:07] [modloading-worker-0/INFO] - treeharvester: 8.6
[11:02:07] [modloading-worker-0/INFO] - veinmining: 1.3.0+1.20.1
[11:02:07] [modloading-worker-0/INFO] - wirelesschargers: 1.0.9
[11:02:07] [modloading-worker-0/INFO] - yungsapi: 1.20-Forge-4.0.3
[11:02:07] [modloading-worker-0/INFO] - yungsbridges: 1.20-Forge-4.0.3
[11:02:07] [modloading-worker-0/INFO] - yungsextras: 1.20-Forge-4.0.3
[11:02:07] [modloading-worker-0/INFO] - zerocore: 1.20.1-2.1.41
[11:02:07] [modloading-worker-0/INFO] - zeta: 1.0-13
[11:02:07] [modloading-worker-0/INFO] ========================================
[11:02:08] [modloading-worker-0/INFO] [REI] Registered plugin provider QuarryReiPlugin [quarryplus] for REIPlugin
[11:02:08] [modloading-worker-0/INFO] [REI] Registered plugin provider DefaultPluginImpl [roughlyenoughitems] for REIServerPlugin
[11:02:08] [modloading-worker-0/INFO] [REI] Registered plugin provider DefaultPluginImpl [roughlyenoughitems] for REIPlugin
[11:02:08] [modloading-worker-0/INFO] [REI] Registered plugin provider DefaultRuntimePlugin [roughlyenoughitems] for REIServerPlugin
[11:02:08] [modloading-worker-0/INFO] [REI] Registered plugin provider DefaultRuntimePlugin [roughlyenoughitems] for REIPlugin
[11:02:08] [modloading-worker-0/INFO] [REI] Registered plugin provider QuarryReiPlugin [quarryplus] for REIServerPlugin
[11:02:29] [Worker-Main-5/DEBUG] [REI] Processed 2 tags in 1.137 ms for mekanism:slurry
[11:02:29] [Worker-Main-7/DEBUG] [REI] Processed 17 tags in 1.264 ms for minecraft:banner_pattern
[11:02:29] [Worker-Main-3/DEBUG] [REI] Processed 5 tags in 944.3 μs for minecraft:game_event
[11:02:29] [Worker-Main-5/DEBUG] [REI] Processed 0 tags in 5.500 μs for minecraft:worldgen/world_preset
[11:02:29] [Worker-Main-4/DEBUG] [REI] Processed 0 tags in 12.80 μs for minecraft:damage_type
[11:02:29] [Worker-Main-1/DEBUG] [REI] Processed 2 tags in 545.7 μs for minecraft:cat_variant
[11:02:29] [Worker-Main-1/DEBUG] [REI] Processed 0 tags in 5.800 μs for minecraft:dimension_type
[11:02:29] [Worker-Main-5/DEBUG] [REI] Processed 5 tags in 982.8 μs for mekanism:gas
[11:02:29] [Worker-Main-1/DEBUG] [REI] Processed 1 tags in 72.20 μs for minecraft:painting_variant
[11:02:29] [Worker-Main-1/DEBUG] [REI] Processed 0 tags in 6.500 μs for minecraft:worldgen/placed_feature
[11:02:29] [Worker-Main-7/DEBUG] [REI] Processed 3 tags in 60.00 μs for minecraft:point_of_interest_type
[11:02:29] [Worker-Main-5/DEBUG] [REI] Processed 1 tags in 10.50 μs for minecraft:recipe_serializer
[11:02:29] [Worker-Main-7/DEBUG] [REI] Processed 4 tags in 29.00 μs for minecraft:mob_effect
[11:02:29] [Worker-Main-4/DEBUG] [REI] Processed 4 tags in 47.90 μs for minecraft:block_entity_type
[11:02:29] [Worker-Main-6/DEBUG] [REI] Processed 0 tags in 67.70 μs for minecraft:worldgen/biome
[11:02:29] [Worker-Main-5/DEBUG] [REI] Processed 8 tags in 32.20 μs for mekanism:infuse_type
[11:02:29] [Worker-Main-5/DEBUG] [REI] Processed 3 tags in 23.40 μs for minecraft:instrument
[11:02:29] [Worker-Main-5/DEBUG] [REI] Processed 1 tags in 10.60 μs for minecraft:potion
[11:02:29] [Worker-Main-7/DEBUG] [REI] Processed 75 tags in 2.137 ms for minecraft:fluid
[11:02:29] [Worker-Main-4/DEBUG] [REI] Processed 0 tags in 19.00 μs for minecraft:worldgen/structure
[11:02:29] [Worker-Main-1/DEBUG] [REI] Processed 0 tags in 140.4 μs for minecraft:worldgen/structure_set
[11:02:29] [Worker-Main-5/DEBUG] [REI] Processed 2 tags in 24.30 μs for minecraft:enchantment
[11:02:29] [Worker-Main-6/DEBUG] [REI] Processed 53 tags in 187.0 μs for minecraft:entity_type
[11:02:30] [Worker-Main-2/DEBUG] [REI] Processed 1443 tags in 116.1 ms for minecraft:item
[11:02:30] [Worker-Main-3/DEBUG] [REI] Processed 661 tags in 7.322 ms for minecraft:block
[11:02:33] [main/DEBUG] [REI] ========================================
[11:02:33] [main/DEBUG] [REI] REIPlugin starting pre-reload for START.
[11:02:33] [main/DEBUG] [REI] Reloadables (7):
[11:02:33] [main/DEBUG] [REI]  - EntryTypeRegistryImpl
[11:02:33] [main/DEBUG] [REI]  - EntrySettingsAdapterRegistryImpl
[11:02:33] [main/DEBUG] [REI]  - RecipeManagerContextImpl
[11:02:33] [main/DEBUG] [REI]  - ItemComparatorRegistryImpl
[11:02:33] [main/DEBUG] [REI]  - FluidComparatorRegistryImpl
[11:02:33] [main/DEBUG] [REI]  - DisplaySerializerRegistryImpl
[11:02:33] [main/DEBUG] [REI]  - FluidSupportProviderImpl
[11:02:33] [main/DEBUG] [REI] Plugins (3):
[11:02:33] [main/DEBUG] [REI]  - (-100,00) DefaultPluginImpl of DefaultPluginImpl [roughlyenoughitems]
[11:02:33] [main/DEBUG] [REI]  - (0,00) DefaultRuntimePlugin of DefaultRuntimePlugin [roughlyenoughitems]
[11:02:33] [main/DEBUG] [REI]  - (0,00) QuarryReiPlugin of QuarryReiPlugin [quarryplus]
[11:02:33] [main/DEBUG] [REI] ========================================
[11:02:33] [main/TRACE] [REI] [REIPlugin START] Reloading Section: "pre-register/"
[11:02:33] [main/TRACE] [REI] [REIPlugin START] Reloading Section: "pre-register/DefaultPluginImpl of DefaultPluginImpl [roughlyenoughitems]/"
[11:02:33] [main/TRACE] [REI] [REIPlugin START] Reloading Section: "pre-register/DefaultPluginImpl of DefaultPluginImpl [roughlyenoughitems]/" done in 632.5 μs
[11:02:33] [main/TRACE] [REI] [REIPlugin START] Reloading Section: "pre-register/DefaultRuntimePlugin of DefaultRuntimePlugin [roughlyenoughitems]/"
[11:02:33] [main/TRACE] [REI] [REIPlugin START] Reloading Section: "pre-register/DefaultRuntimePlugin of DefaultRuntimePlugin [roughlyenoughitems]/" done in 7.900 μs
[11:02:33] [main/TRACE] [REI] [REIPlugin START] Reloading Section: "pre-register/QuarryReiPlugin of QuarryReiPlugin [quarryplus]/"
[11:02:33] [main/TRACE] [REI] [REIPlugin START] Reloading Section: "pre-register/QuarryReiPlugin of QuarryReiPlugin [quarryplus]/" done in 5.900 μs
[11:02:33] [main/TRACE] [REI] [REIPlugin START] Reloading Section: "pre-register/" done in 7.380 ms
[11:02:33] [main/TRACE] [REI] [REIPlugin START] Reloading Section: "pre-stage/"
[11:02:33] [main/TRACE] [REI] [REIPlugin START] Reloading Section: "pre-stage/EntryTypeRegistryImpl/"
[11:02:33] [main/TRACE] [REI] [REIPlugin START] Reloading Section: "pre-stage/EntryTypeRegistryImpl/" done in 144.1 μs
[11:02:33] [main/TRACE] [REI] [REIPlugin START] Reloading Section: "pre-stage/EntrySettingsAdapterRegistryImpl/"
[11:02:33] [main/TRACE] [REI] [REIPlugin START] Reloading Section: "pre-stage/EntrySettingsAdapterRegistryImpl/" done in 5.700 μs
[11:02:33] [main/TRACE] [REI] [REIPlugin START] Reloading Section: "pre-stage/RecipeManagerContextImpl/"
[11:02:33] [main/TRACE] [REI] [REIPlugin START] Reloading Section: "pre-stage/RecipeManagerContextImpl/" done in 5.800 μs
[11:02:33] [main/TRACE] [REI] [REIPlugin START] Reloading Section: "pre-stage/ItemComparatorRegistryImpl/"
[11:02:33] [main/TRACE] [REI] [REIPlugin START] Reloading Section: "pre-stage/ItemComparatorRegistryImpl/" done in 5.300 μs
[11:02:33] [main/TRACE] [REI] [REIPlugin START] Reloading Section: "pre-stage/FluidComparatorRegistryImpl/"
[11:02:33] [main/TRACE] [REI] [REIPlugin START] Reloading Section: "pre-stage/FluidComparatorRegistryImpl/" done in 5.100 μs
[11:02:33] [main/TRACE] [REI] [REIPlugin START] Reloading Section: "pre-stage/DisplaySerializerRegistryImpl/"
[11:02:33] [main/TRACE] [REI] [REIPlugin START] Reloading Section: "pre-stage/DisplaySerializerRegistryImpl/" done in 4.800 μs
[11:02:33] [main/TRACE] [REI] [REIPlugin START] Reloading Section: "pre-stage/FluidSupportProviderImpl/"
[11:02:33] [main/TRACE] [REI] [REIPlugin START] Reloading Section: "pre-stage/FluidSupportProviderImpl/" done in 5.600 μs
[11:02:33] [main/TRACE] [REI] [REIPlugin START] Reloading Section: "pre-stage/" done in 1.020 ms
[11:02:33] [main/DEBUG] [REI] ========================================
[11:02:33] [main/DEBUG] [REI] REIPlugin finished pre-reload for START in 10.98 ms.
[11:02:33] [main/DEBUG] [REI] ========================================
[11:02:33] [main/DEBUG] [REI] ========================================
[11:02:33] [main/DEBUG] [REI] REIServerPlugin starting pre-reload for START.
[11:02:33] [main/DEBUG] [REI] Reloadables (2):
[11:02:33] [main/DEBUG] [REI]  - MenuInfoRegistryImpl
[11:02:33] [main/DEBUG] [REI]  - SlotAccessorRegistryImpl
[11:02:33] [main/DEBUG] [REI] Plugins (3):
[11:02:33] [main/DEBUG] [REI]  - (-100,00) DefaultPluginImpl of DefaultPluginImpl [roughlyenoughitems]
[11:02:33] [main/DEBUG] [REI]  - (0,00) QuarryReiPlugin of QuarryReiPlugin [quarryplus]
[11:02:33] [main/DEBUG] [REI]  - (0,00) DefaultRuntimePlugin of DefaultRuntimePlugin [roughlyenoughitems]
[11:02:33] [main/DEBUG] [REI] ========================================
[11:02:33] [main/TRACE] [REI] [REIServerPlugin START] Reloading Section: "pre-register/"
[11:02:33] [main/TRACE] [REI] [REIServerPlugin START] Reloading Section: "pre-register/DefaultPluginImpl of DefaultPluginImpl [roughlyenoughitems]/"
[11:02:33] [main/TRACE] [REI] [REIServerPlugin START] Reloading Section: "pre-register/DefaultPluginImpl of DefaultPluginImpl [roughlyenoughitems]/" done in 22.20 μs
[11:02:33] [main/TRACE] [REI] [REIServerPlugin START] Reloading Section: "pre-register/QuarryReiPlugin of QuarryReiPlugin [quarryplus]/"
[11:02:33] [main/TRACE] [REI] [REIServerPlugin START] Reloading Section: "pre-register/QuarryReiPlugin of QuarryReiPlugin [quarryplus]/" done in 11.60 μs
[11:02:33] [main/TRACE] [REI] [REIServerPlugin START] Reloading Section: "pre-register/DefaultRuntimePlugin of DefaultRuntimePlugin [roughlyenoughitems]/"
[11:02:33] [main/TRACE] [REI] [REIServerPlugin START] Reloading Section: "pre-register/DefaultRuntimePlugin of DefaultRuntimePlugin [roughlyenoughitems]/" done in 6.400 μs
[11:02:33] [main/TRACE] [REI] [REIServerPlugin START] Reloading Section: "pre-register/" done in 401.9 μs
[11:02:33] [main/TRACE] [REI] [REIServerPlugin START] Reloading Section: "pre-stage/"
[11:02:33] [main/TRACE] [REI] [REIServerPlugin START] Reloading Section: "pre-stage/MenuInfoRegistryImpl/"
[11:02:33] [main/TRACE] [REI] [REIServerPlugin START] Reloading Section: "pre-stage/MenuInfoRegistryImpl/" done in 5.300 μs
[11:02:33] [main/TRACE] [REI] [REIServerPlugin START] Reloading Section: "pre-stage/SlotAccessorRegistryImpl/"
[11:02:33] [main/TRACE] [REI] [REIServerPlugin START] Reloading Section: "pre-stage/SlotAccessorRegistryImpl/" done in 4.600 μs
[11:02:33] [main/TRACE] [REI] [REIServerPlugin START] Reloading Section: "pre-stage/" done in 146.5 μs
[11:02:33] [main/DEBUG] [REI] ========================================
[11:02:33] [main/DEBUG] [REI] REIServerPlugin finished pre-reload for START in 728.4 μs.
[11:02:33] [main/DEBUG] [REI] ========================================
[11:02:33] [main/INFO] [REI] OOOOOOOOOOOOOOOOOOOOOOOOOOOOOOOOOOOOOOOO
[11:02:33] [main/INFO] [REI] REIPlugin starting main-reload for START.
[11:02:33] [main/DEBUG] [REI] Reloadables (7):
[11:02:33] [main/DEBUG] [REI]  - EntryTypeRegistryImpl
[11:02:33] [main/DEBUG] [REI]  - EntrySettingsAdapterRegistryImpl
[11:02:33] [main/DEBUG] [REI]  - RecipeManagerContextImpl
[11:02:33] [main/DEBUG] [REI]  - ItemComparatorRegistryImpl
[11:02:33] [main/DEBUG] [REI]  - FluidComparatorRegistryImpl
[11:02:33] [main/DEBUG] [REI]  - DisplaySerializerRegistryImpl
[11:02:33] [main/DEBUG] [REI]  - FluidSupportProviderImpl
[11:02:33] [main/INFO] [REI] Plugins (3):
[11:02:33] [main/INFO] [REI]  - (-100,00) DefaultPluginImpl of DefaultPluginImpl [roughlyenoughitems]
[11:02:33] [main/INFO] [REI]  - (0,00) DefaultRuntimePlugin of DefaultRuntimePlugin [roughlyenoughitems]
[11:02:33] [main/INFO] [REI]  - (0,00) QuarryReiPlugin of QuarryReiPlugin [quarryplus]
[11:02:33] [main/INFO] [REI] OOOOOOOOOOOOOOOOOOOOOOOOOOOOOOOOOOOOOOOO
[11:02:33] [main/TRACE] [REI] [REIPlugin START] Reloading Section: "start-reload/"
[11:02:33] [main/TRACE] [REI] [REIPlugin START] Reloading Section: "start-reload/EntryTypeRegistryImpl/"
[11:02:33] [main/TRACE] [REI] [REIPlugin START] Reloading Section: "start-reload/EntryTypeRegistryImpl/" done in 31.40 μs
[11:02:33] [main/TRACE] [REI] [REIPlugin START] Reloading Section: "start-reload/EntrySettingsAdapterRegistryImpl/"
[11:02:33] [main/TRACE] [REI] [REIPlugin START] Reloading Section: "start-reload/EntrySettingsAdapterRegistryImpl/" done in 12.80 μs
[11:02:33] [main/TRACE] [REI] [REIPlugin START] Reloading Section: "start-reload/RecipeManagerContextImpl/"
[11:02:33] [main/TRACE] [REI] [REIPlugin START] Reloading Section: "start-reload/RecipeManagerContextImpl/" done in 6.400 μs
[11:02:33] [main/TRACE] [REI] [REIPlugin START] Reloading Section: "start-reload/ItemComparatorRegistryImpl/"
[11:02:33] [main/TRACE] [REI] [REIPlugin START] Reloading Section: "start-reload/ItemComparatorRegistryImpl/" done in 20.40 μs
[11:02:33] [main/TRACE] [REI] [REIPlugin START] Reloading Section: "start-reload/FluidComparatorRegistryImpl/"
[11:02:33] [main/TRACE] [REI] [REIPlugin START] Reloading Section: "start-reload/FluidComparatorRegistryImpl/" done in 9.700 μs
[11:02:33] [main/TRACE] [REI] [REIPlugin START] Reloading Section: "start-reload/DisplaySerializerRegistryImpl/"
[11:02:33] [main/TRACE] [REI] [REIPlugin START] Reloading Section: "start-reload/DisplaySerializerRegistryImpl/" done in 5.600 μs
[11:02:33] [main/TRACE] [REI] [REIPlugin START] Reloading Section: "start-reload/FluidSupportProviderImpl/"
[11:02:33] [main/TRACE] [REI] [REIPlugin START] Reloading Section: "start-reload/FluidSupportProviderImpl/" done in 16.30 μs
[11:02:33] [main/TRACE] [REI] [REIPlugin START] Reloading Section: "start-reload/" done in 1.146 ms
[11:02:33] [main/DEBUG] [REI] ========================================
[11:02:33] [main/DEBUG] [REI] REIPlugin started main-reload for START.
[11:02:33] [main/DEBUG] [REI] ========================================
[11:02:33] [main/TRACE] [REI] [REIPlugin START] Reloading Section: "reloadable-plugin/EntryTypeRegistryImpl/"
[11:02:33] [main/TRACE] [REI] [REIPlugin START] Reloading Section: "reloadable-plugin/EntryTypeRegistryImpl/DefaultPluginImpl of DefaultPluginImpl [roughlyenoughitems]/"
[11:02:33] [main/TRACE] [REI] [REIPlugin START] Reloading Section: "reloadable-plugin/EntryTypeRegistryImpl/DefaultPluginImpl of DefaultPluginImpl [roughlyenoughitems]/" done in 151.9 μs
[11:02:33] [main/TRACE] [REI] [REIPlugin START] Reloading Section: "reloadable-plugin/EntryTypeRegistryImpl/DefaultRuntimePlugin of DefaultRuntimePlugin [roughlyenoughitems]/"
[11:02:33] [main/TRACE] [REI] [REIPlugin START] Reloading Section: "reloadable-plugin/EntryTypeRegistryImpl/DefaultRuntimePlugin of DefaultRuntimePlugin [roughlyenoughitems]/" done in 7.799 ms
[11:02:33] [main/TRACE] [REI] [REIPlugin START] Reloading Section: "reloadable-plugin/EntryTypeRegistryImpl/QuarryReiPlugin of QuarryReiPlugin [quarryplus]/"
[11:02:33] [main/TRACE] [REI] [REIPlugin START] Reloading Section: "reloadable-plugin/EntryTypeRegistryImpl/QuarryReiPlugin of QuarryReiPlugin [quarryplus]/" done in 15.20 μs
[11:02:33] [main/TRACE] [REI] [REIPlugin START] Reloading Section: "reloadable-plugin/EntryTypeRegistryImpl/" done in 8.761 ms
[11:02:33] [main/TRACE] [REI] [REIPlugin START] Reloading Section: "reloadable-plugin/EntrySettingsAdapterRegistryImpl/"
[11:02:33] [main/TRACE] [REI] [REIPlugin START] Reloading Section: "reloadable-plugin/EntrySettingsAdapterRegistryImpl/DefaultPluginImpl of DefaultPluginImpl [roughlyenoughitems]/"
[11:02:33] [main/TRACE] [REI] [REIPlugin START] Reloading Section: "reloadable-plugin/EntrySettingsAdapterRegistryImpl/DefaultPluginImpl of DefaultPluginImpl [roughlyenoughitems]/" done in 6.400 μs
[11:02:33] [main/TRACE] [REI] [REIPlugin START] Reloading Section: "reloadable-plugin/EntrySettingsAdapterRegistryImpl/DefaultRuntimePlugin of DefaultRuntimePlugin [roughlyenoughitems]/"
[11:02:33] [main/TRACE] [REI] [REIPlugin START] Reloading Section: "reloadable-plugin/EntrySettingsAdapterRegistryImpl/DefaultRuntimePlugin of DefaultRuntimePlugin [roughlyenoughitems]/" done in 10.20 μs
[11:02:33] [main/TRACE] [REI] [REIPlugin START] Reloading Section: "reloadable-plugin/EntrySettingsAdapterRegistryImpl/QuarryReiPlugin of QuarryReiPlugin [quarryplus]/"
[11:02:33] [main/TRACE] [REI] [REIPlugin START] Reloading Section: "reloadable-plugin/EntrySettingsAdapterRegistryImpl/QuarryReiPlugin of QuarryReiPlugin [quarryplus]/" done in 7.000 μs
[11:02:33] [main/TRACE] [REI] [REIPlugin START] Reloading Section: "reloadable-plugin/EntrySettingsAdapterRegistryImpl/" done in 301.9 μs
[11:02:33] [main/TRACE] [REI] [REIPlugin START] Reloading Section: "reloadable-plugin/RecipeManagerContextImpl/"
[11:02:33] [main/TRACE] [REI] [REIPlugin START] Reloading Section: "reloadable-plugin/RecipeManagerContextImpl/DefaultPluginImpl of DefaultPluginImpl [roughlyenoughitems]/"
[11:02:33] [main/TRACE] [REI] [REIPlugin START] Reloading Section: "reloadable-plugin/RecipeManagerContextImpl/DefaultPluginImpl of DefaultPluginImpl [roughlyenoughitems]/" done in 7.100 μs
[11:02:33] [main/TRACE] [REI] [REIPlugin START] Reloading Section: "reloadable-plugin/RecipeManagerContextImpl/DefaultRuntimePlugin of DefaultRuntimePlugin [roughlyenoughitems]/"
[11:02:33] [main/TRACE] [REI] [REIPlugin START] Reloading Section: "reloadable-plugin/RecipeManagerContextImpl/DefaultRuntimePlugin of DefaultRuntimePlugin [roughlyenoughitems]/" done in 7.200 μs
[11:02:33] [main/TRACE] [REI] [REIPlugin START] Reloading Section: "reloadable-plugin/RecipeManagerContextImpl/QuarryReiPlugin of QuarryReiPlugin [quarryplus]/"
[11:02:33] [main/TRACE] [REI] [REIPlugin START] Reloading Section: "reloadable-plugin/RecipeManagerContextImpl/QuarryReiPlugin of QuarryReiPlugin [quarryplus]/" done in 6.500 μs
[11:02:33] [main/TRACE] [REI] [REIPlugin START] Reloading Section: "reloadable-plugin/RecipeManagerContextImpl/" done in 307.9 μs
[11:02:33] [main/TRACE] [REI] [REIPlugin START] Reloading Section: "reloadable-plugin/ItemComparatorRegistryImpl/"
[11:02:33] [main/TRACE] [REI] [REIPlugin START] Reloading Section: "reloadable-plugin/ItemComparatorRegistryImpl/DefaultPluginImpl of DefaultPluginImpl [roughlyenoughitems]/"
[11:02:33] [main/TRACE] [REI] [REIPlugin START] Reloading Section: "reloadable-plugin/ItemComparatorRegistryImpl/DefaultPluginImpl of DefaultPluginImpl [roughlyenoughitems]/" done in 451.9 μs
[11:02:33] [main/TRACE] [REI] [REIPlugin START] Reloading Section: "reloadable-plugin/ItemComparatorRegistryImpl/DefaultRuntimePlugin of DefaultRuntimePlugin [roughlyenoughitems]/"
[11:02:33] [main/TRACE] [REI] [REIPlugin START] Reloading Section: "reloadable-plugin/ItemComparatorRegistryImpl/DefaultRuntimePlugin of DefaultRuntimePlugin [roughlyenoughitems]/" done in 10.10 μs
[11:02:33] [main/TRACE] [REI] [REIPlugin START] Reloading Section: "reloadable-plugin/ItemComparatorRegistryImpl/QuarryReiPlugin of QuarryReiPlugin [quarryplus]/"
[11:02:33] [main/TRACE] [REI] [REIPlugin START] Reloading Section: "reloadable-plugin/ItemComparatorRegistryImpl/QuarryReiPlugin of QuarryReiPlugin [quarryplus]/" done in 6.800 μs
[11:02:33] [main/TRACE] [REI] [REIPlugin START] Reloading Section: "reloadable-plugin/ItemComparatorRegistryImpl/" done in 745.1 μs
[11:02:33] [main/TRACE] [REI] [REIPlugin START] Reloading Section: "reloadable-plugin/FluidComparatorRegistryImpl/"
[11:02:33] [main/TRACE] [REI] [REIPlugin START] Reloading Section: "reloadable-plugin/FluidComparatorRegistryImpl/DefaultPluginImpl of DefaultPluginImpl [roughlyenoughitems]/"
[11:02:33] [main/TRACE] [REI] [REIPlugin START] Reloading Section: "reloadable-plugin/FluidComparatorRegistryImpl/DefaultPluginImpl of DefaultPluginImpl [roughlyenoughitems]/" done in 11.00 μs
[11:02:33] [main/TRACE] [REI] [REIPlugin START] Reloading Section: "reloadable-plugin/FluidComparatorRegistryImpl/DefaultRuntimePlugin of DefaultRuntimePlugin [roughlyenoughitems]/"
[11:02:33] [main/TRACE] [REI] [REIPlugin START] Reloading Section: "reloadable-plugin/FluidComparatorRegistryImpl/DefaultRuntimePlugin of DefaultRuntimePlugin [roughlyenoughitems]/" done in 6.700 μs
[11:02:33] [main/TRACE] [REI] [REIPlugin START] Reloading Section: "reloadable-plugin/FluidComparatorRegistryImpl/QuarryReiPlugin of QuarryReiPlugin [quarryplus]/"
[11:02:33] [main/TRACE] [REI] [REIPlugin START] Reloading Section: "reloadable-plugin/FluidComparatorRegistryImpl/QuarryReiPlugin of QuarryReiPlugin [quarryplus]/" done in 6.300 μs
[11:02:33] [main/TRACE] [REI] [REIPlugin START] Reloading Section: "reloadable-plugin/FluidComparatorRegistryImpl/" done in 225.0 μs
[11:02:33] [main/TRACE] [REI] [REIPlugin START] Reloading Section: "reloadable-plugin/DisplaySerializerRegistryImpl/"
[11:02:33] [main/TRACE] [REI] [REIPlugin START] Reloading Section: "reloadable-plugin/DisplaySerializerRegistryImpl/DefaultPluginImpl of DefaultPluginImpl [roughlyenoughitems]/"
[11:02:33] [main/TRACE] [REI] [REIPlugin START] Reloading Section: "reloadable-plugin/DisplaySerializerRegistryImpl/DefaultPluginImpl of DefaultPluginImpl [roughlyenoughitems]/" done in 6.100 μs
[11:02:33] [main/TRACE] [REI] [REIPlugin START] Reloading Section: "reloadable-plugin/DisplaySerializerRegistryImpl/DefaultRuntimePlugin of DefaultRuntimePlugin [roughlyenoughitems]/"
[11:02:33] [main/TRACE] [REI] [REIPlugin START] Reloading Section: "reloadable-plugin/DisplaySerializerRegistryImpl/DefaultRuntimePlugin of DefaultRuntimePlugin [roughlyenoughitems]/" done in 6.300 μs
[11:02:33] [main/TRACE] [REI] [REIPlugin START] Reloading Section: "reloadable-plugin/DisplaySerializerRegistryImpl/QuarryReiPlugin of QuarryReiPlugin [quarryplus]/"
[11:02:33] [main/TRACE] [REI] [REIPlugin START] Reloading Section: "reloadable-plugin/DisplaySerializerRegistryImpl/QuarryReiPlugin of QuarryReiPlugin [quarryplus]/" done in 6.100 μs
[11:02:33] [main/TRACE] [REI] [REIPlugin START] Reloading Section: "reloadable-plugin/DisplaySerializerRegistryImpl/" done in 219.3 μs
[11:02:33] [main/TRACE] [REI] [REIPlugin START] Reloading Section: "reloadable-plugin/FluidSupportProviderImpl/"
[11:02:33] [main/TRACE] [REI] [REIPlugin START] Reloading Section: "reloadable-plugin/FluidSupportProviderImpl/DefaultPluginImpl of DefaultPluginImpl [roughlyenoughitems]/"
[11:02:33] [main/TRACE] [REI] [REIPlugin START] Reloading Section: "reloadable-plugin/FluidSupportProviderImpl/DefaultPluginImpl of DefaultPluginImpl [roughlyenoughitems]/" done in 588.7 μs
[11:02:33] [main/TRACE] [REI] [REIPlugin START] Reloading Section: "reloadable-plugin/FluidSupportProviderImpl/DefaultRuntimePlugin of DefaultRuntimePlugin [roughlyenoughitems]/"
[11:02:33] [main/TRACE] [REI] [REIPlugin START] Reloading Section: "reloadable-plugin/FluidSupportProviderImpl/DefaultRuntimePlugin of DefaultRuntimePlugin [roughlyenoughitems]/" done in 10.10 μs
[11:02:33] [main/TRACE] [REI] [REIPlugin START] Reloading Section: "reloadable-plugin/FluidSupportProviderImpl/QuarryReiPlugin of QuarryReiPlugin [quarryplus]/"
[11:02:33] [main/TRACE] [REI] [REIPlugin START] Reloading Section: "reloadable-plugin/FluidSupportProviderImpl/QuarryReiPlugin of QuarryReiPlugin [quarryplus]/" done in 6.600 μs
[11:02:33] [main/TRACE] [REI] [REIPlugin START] Reloading Section: "reloadable-plugin/FluidSupportProviderImpl/" done in 886.8 μs
[11:02:33] [main/DEBUG] [REI] ========================================
[11:02:33] [main/DEBUG] [REI] REIPlugin ending main-reload for START.
[11:02:33] [main/DEBUG] [REI] ========================================
[11:02:33] [main/TRACE] [REI] [REIPlugin START] Reloading Section: "end-reload/"
[11:02:33] [main/TRACE] [REI] [REIPlugin START] Reloading Section: "end-reload/EntryTypeRegistryImpl/"
[11:02:33] [main/TRACE] [REI] [REIPlugin START] Reloading Section: "end-reload/EntryTypeRegistryImpl/" done in 8.700 μs
[11:02:33] [main/TRACE] [REI] [REIPlugin START] Reloading Section: "end-reload/EntrySettingsAdapterRegistryImpl/"
[11:02:33] [main/TRACE] [REI] [REIPlugin START] Reloading Section: "end-reload/EntrySettingsAdapterRegistryImpl/" done in 3.700 μs
[11:02:33] [main/TRACE] [REI] [REIPlugin START] Reloading Section: "end-reload/RecipeManagerContextImpl/"
[11:02:33] [main/TRACE] [REI] [REIPlugin START] Reloading Section: "end-reload/RecipeManagerContextImpl/" done in 3.400 μs
[11:02:33] [main/TRACE] [REI] [REIPlugin START] Reloading Section: "end-reload/ItemComparatorRegistryImpl/"
[11:02:33] [main/TRACE] [REI] [REIPlugin START] Reloading Section: "end-reload/ItemComparatorRegistryImpl/" done in 3.700 μs
[11:02:33] [main/TRACE] [REI] [REIPlugin START] Reloading Section: "end-reload/FluidComparatorRegistryImpl/"
[11:02:33] [main/TRACE] [REI] [REIPlugin START] Reloading Section: "end-reload/FluidComparatorRegistryImpl/" done in 3.300 μs
[11:02:33] [main/TRACE] [REI] [REIPlugin START] Reloading Section: "end-reload/DisplaySerializerRegistryImpl/"
[11:02:33] [main/TRACE] [REI] [REIPlugin START] Reloading Section: "end-reload/DisplaySerializerRegistryImpl/" done in 3.300 μs
[11:02:33] [main/TRACE] [REI] [REIPlugin START] Reloading Section: "end-reload/FluidSupportProviderImpl/"
[11:02:33] [main/TRACE] [REI] [REIPlugin START] Reloading Section: "end-reload/FluidSupportProviderImpl/" done in 6.600 μs
[11:02:33] [main/TRACE] [REI] [REIPlugin START] Reloading Section: "end-reload/" done in 604.3 μs
[11:02:33] [main/DEBUG] [REI] ========================================
[11:02:33] [main/DEBUG] [REI] REIPlugin ended main-reload for START in 20.23 ms.
[11:02:33] [main/DEBUG] [REI] ========================================
[11:02:33] [main/INFO] [REI] ~~~~~~~~~~~~~~~~~~~~~~~~~~~~~~~~~~~~~~~~
[11:02:33] [main/INFO] [REI] REIServerPlugin starting main-reload for START.
[11:02:33] [main/DEBUG] [REI] Reloadables (2):
[11:02:33] [main/DEBUG] [REI]  - MenuInfoRegistryImpl
[11:02:33] [main/DEBUG] [REI]  - SlotAccessorRegistryImpl
[11:02:33] [main/INFO] [REI] Plugins (3):
[11:02:33] [main/INFO] [REI]  - (-100,00) DefaultPluginImpl of DefaultPluginImpl [roughlyenoughitems]
[11:02:33] [main/INFO] [REI]  - (0,00) QuarryReiPlugin of QuarryReiPlugin [quarryplus]
[11:02:33] [main/INFO] [REI]  - (0,00) DefaultRuntimePlugin of DefaultRuntimePlugin [roughlyenoughitems]
[11:02:33] [main/INFO] [REI] ~~~~~~~~~~~~~~~~~~~~~~~~~~~~~~~~~~~~~~~~
[11:02:33] [main/TRACE] [REI] [REIServerPlugin START] Reloading Section: "start-reload/"
[11:02:33] [main/TRACE] [REI] [REIServerPlugin START] Reloading Section: "start-reload/MenuInfoRegistryImpl/"
[11:02:33] [main/TRACE] [REI] [REIServerPlugin START] Reloading Section: "start-reload/MenuInfoRegistryImpl/" done in 9.900 μs
[11:02:33] [main/TRACE] [REI] [REIServerPlugin START] Reloading Section: "start-reload/SlotAccessorRegistryImpl/"
[11:02:33] [main/TRACE] [REI] [REIServerPlugin START] Reloading Section: "start-reload/SlotAccessorRegistryImpl/" done in 11.10 μs
[11:02:33] [main/TRACE] [REI] [REIServerPlugin START] Reloading Section: "start-reload/" done in 294.4 μs
[11:02:33] [main/DEBUG] [REI] ========================================
[11:02:33] [main/DEBUG] [REI] REIServerPlugin started main-reload for START.
[11:02:33] [main/DEBUG] [REI] ========================================
[11:02:33] [main/TRACE] [REI] [REIServerPlugin START] Reloading Section: "reloadable-plugin/MenuInfoRegistryImpl/"
[11:02:33] [main/TRACE] [REI] [REIServerPlugin START] Reloading Section: "reloadable-plugin/MenuInfoRegistryImpl/DefaultPluginImpl of DefaultPluginImpl [roughlyenoughitems]/"
[11:02:33] [main/TRACE] [REI] [REIServerPlugin START] Reloading Section: "reloadable-plugin/MenuInfoRegistryImpl/DefaultPluginImpl of DefaultPluginImpl [roughlyenoughitems]/" done in 13.50 μs
[11:02:33] [main/TRACE] [REI] [REIServerPlugin START] Reloading Section: "reloadable-plugin/MenuInfoRegistryImpl/QuarryReiPlugin of QuarryReiPlugin [quarryplus]/"
[11:02:33] [main/TRACE] [REI] [REIServerPlugin START] Reloading Section: "reloadable-plugin/MenuInfoRegistryImpl/QuarryReiPlugin of QuarryReiPlugin [quarryplus]/" done in 8.900 μs
[11:02:33] [main/TRACE] [REI] [REIServerPlugin START] Reloading Section: "reloadable-plugin/MenuInfoRegistryImpl/DefaultRuntimePlugin of DefaultRuntimePlugin [roughlyenoughitems]/"
[11:02:33] [main/TRACE] [REI] [REIServerPlugin START] Reloading Section: "reloadable-plugin/MenuInfoRegistryImpl/DefaultRuntimePlugin of DefaultRuntimePlugin [roughlyenoughitems]/" done in 8.100 μs
[11:02:33] [main/TRACE] [REI] [REIServerPlugin START] Reloading Section: "reloadable-plugin/MenuInfoRegistryImpl/" done in 404.0 μs
[11:02:33] [main/TRACE] [REI] [REIServerPlugin START] Reloading Section: "reloadable-plugin/SlotAccessorRegistryImpl/"
[11:02:33] [main/TRACE] [REI] [REIServerPlugin START] Reloading Section: "reloadable-plugin/SlotAccessorRegistryImpl/DefaultPluginImpl of DefaultPluginImpl [roughlyenoughitems]/"
[11:02:33] [main/TRACE] [REI] [REIServerPlugin START] Reloading Section: "reloadable-plugin/SlotAccessorRegistryImpl/DefaultPluginImpl of DefaultPluginImpl [roughlyenoughitems]/" done in 8.000 μs
[11:02:33] [main/TRACE] [REI] [REIServerPlugin START] Reloading Section: "reloadable-plugin/SlotAccessorRegistryImpl/QuarryReiPlugin of QuarryReiPlugin [quarryplus]/"
[11:02:33] [main/TRACE] [REI] [REIServerPlugin START] Reloading Section: "reloadable-plugin/SlotAccessorRegistryImpl/QuarryReiPlugin of QuarryReiPlugin [quarryplus]/" done in 10.50 μs
[11:02:33] [main/TRACE] [REI] [REIServerPlugin START] Reloading Section: "reloadable-plugin/SlotAccessorRegistryImpl/DefaultRuntimePlugin of DefaultRuntimePlugin [roughlyenoughitems]/"
[11:02:33] [main/TRACE] [REI] [REIServerPlugin START] Reloading Section: "reloadable-plugin/SlotAccessorRegistryImpl/DefaultRuntimePlugin of DefaultRuntimePlugin [roughlyenoughitems]/" done in 6.500 μs
[11:02:33] [main/TRACE] [REI] [REIServerPlugin START] Reloading Section: "reloadable-plugin/SlotAccessorRegistryImpl/" done in 345.9 μs
[11:02:33] [main/DEBUG] [REI] ========================================
[11:02:33] [main/DEBUG] [REI] REIServerPlugin ending main-reload for START.
[11:02:33] [main/DEBUG] [REI] ========================================
[11:02:33] [main/TRACE] [REI] [REIServerPlugin START] Reloading Section: "end-reload/"
[11:02:33] [main/TRACE] [REI] [REIServerPlugin START] Reloading Section: "end-reload/MenuInfoRegistryImpl/"
[11:02:33] [main/TRACE] [REI] [REIServerPlugin START] Reloading Section: "end-reload/MenuInfoRegistryImpl/" done in 6.700 μs
[11:02:33] [main/TRACE] [REI] [REIServerPlugin START] Reloading Section: "end-reload/SlotAccessorRegistryImpl/"
[11:02:33] [main/TRACE] [REI] [REIServerPlugin START] Reloading Section: "end-reload/SlotAccessorRegistryImpl/" done in 7.300 μs
[11:02:33] [main/TRACE] [REI] [REIServerPlugin START] Reloading Section: "end-reload/" done in 196.0 μs
[11:02:33] [main/DEBUG] [REI] ========================================
[11:02:33] [main/DEBUG] [REI] REIServerPlugin ended main-reload for START in 8.219 ms.
[11:02:33] [main/DEBUG] [REI] ========================================
[11:02:33] [main/DEBUG] [REI] ========================================
[11:02:33] [main/DEBUG] [REI] REIPlugin starting post-reload for START.
[11:02:33] [main/DEBUG] [REI] Reloadables (7):
[11:02:33] [main/DEBUG] [REI]  - EntryTypeRegistryImpl
[11:02:33] [main/DEBUG] [REI]  - EntrySettingsAdapterRegistryImpl
[11:02:33] [main/DEBUG] [REI]  - RecipeManagerContextImpl
[11:02:33] [main/DEBUG] [REI]  - ItemComparatorRegistryImpl
[11:02:33] [main/DEBUG] [REI]  - FluidComparatorRegistryImpl
[11:02:33] [main/DEBUG] [REI]  - DisplaySerializerRegistryImpl
[11:02:33] [main/DEBUG] [REI]  - FluidSupportProviderImpl
[11:02:33] [main/DEBUG] [REI] Plugins (3):
[11:02:33] [main/DEBUG] [REI]  - (-100,00) DefaultPluginImpl of DefaultPluginImpl [roughlyenoughitems]
[11:02:33] [main/DEBUG] [REI]  - (0,00) DefaultRuntimePlugin of DefaultRuntimePlugin [roughlyenoughitems]
[11:02:33] [main/DEBUG] [REI]  - (0,00) QuarryReiPlugin of QuarryReiPlugin [quarryplus]
[11:02:33] [main/DEBUG] [REI] ========================================
[11:02:33] [main/TRACE] [REI] [REIPlugin START] Reloading Section: "post-register/"
[11:02:33] [main/TRACE] [REI] [REIPlugin START] Reloading Section: "post-register/DefaultPluginImpl of DefaultPluginImpl [roughlyenoughitems]/"
[11:02:33] [main/TRACE] [REI] [REIPlugin START] Reloading Section: "post-register/DefaultPluginImpl of DefaultPluginImpl [roughlyenoughitems]/" done in 194.6 μs
[11:02:33] [main/TRACE] [REI] [REIPlugin START] Reloading Section: "post-register/DefaultRuntimePlugin of DefaultRuntimePlugin [roughlyenoughitems]/"
[11:02:33] [main/TRACE] [REI] [REIPlugin START] Reloading Section: "post-register/DefaultRuntimePlugin of DefaultRuntimePlugin [roughlyenoughitems]/" done in 8.100 μs
[11:02:33] [main/TRACE] [REI] [REIPlugin START] Reloading Section: "post-register/QuarryReiPlugin of QuarryReiPlugin [quarryplus]/"
[11:02:33] [main/TRACE] [REI] [REIPlugin START] Reloading Section: "post-register/QuarryReiPlugin of QuarryReiPlugin [quarryplus]/" done in 5.200 μs
[11:02:33] [main/TRACE] [REI] [REIPlugin START] Reloading Section: "post-register/" done in 795.8 μs
[11:02:33] [main/TRACE] [REI] [REIPlugin START] Reloading Section: "post-stage/"
[11:02:33] [main/TRACE] [REI] [REIPlugin START] Reloading Section: "post-stage/EntryTypeRegistryImpl/"
[11:02:33] [main/TRACE] [REI] [REIPlugin START] Reloading Section: "post-stage/EntryTypeRegistryImpl/" done in 7.800 μs
[11:02:33] [main/TRACE] [REI] [REIPlugin START] Reloading Section: "post-stage/EntrySettingsAdapterRegistryImpl/"
[11:02:33] [main/TRACE] [REI] [REIPlugin START] Reloading Section: "post-stage/EntrySettingsAdapterRegistryImpl/" done in 3.500 μs
[11:02:33] [main/TRACE] [REI] [REIPlugin START] Reloading Section: "post-stage/RecipeManagerContextImpl/"
[11:02:33] [main/TRACE] [REI] [REIPlugin START] Reloading Section: "post-stage/RecipeManagerContextImpl/" done in 5.300 μs
[11:02:33] [main/TRACE] [REI] [REIPlugin START] Reloading Section: "post-stage/ItemComparatorRegistryImpl/"
[11:02:33] [main/TRACE] [REI] [REIPlugin START] Reloading Section: "post-stage/ItemComparatorRegistryImpl/" done in 11.00 μs
[11:02:33] [main/TRACE] [REI] [REIPlugin START] Reloading Section: "post-stage/FluidComparatorRegistryImpl/"
[11:02:33] [main/TRACE] [REI] [REIPlugin START] Reloading Section: "post-stage/FluidComparatorRegistryImpl/" done in 5.000 μs
[11:02:33] [main/TRACE] [REI] [REIPlugin START] Reloading Section: "post-stage/DisplaySerializerRegistryImpl/"
[11:02:33] [main/TRACE] [REI] [REIPlugin START] Reloading Section: "post-stage/DisplaySerializerRegistryImpl/" done in 5.000 μs
[11:02:33] [main/TRACE] [REI] [REIPlugin START] Reloading Section: "post-stage/FluidSupportProviderImpl/"
[11:02:33] [main/TRACE] [REI] [REIPlugin START] Reloading Section: "post-stage/FluidSupportProviderImpl/" done in 4.800 μs
[11:02:33] [main/TRACE] [REI] [REIPlugin START] Reloading Section: "post-stage/" done in 716.1 μs
[11:02:33] [main/DEBUG] [REI] ========================================
[11:02:33] [main/INFO] [REI] REIPlugin finished post-reload for START in 1.669 ms, totaling 32.83 ms.
[11:02:33] [main/DEBUG] [REI] ========================================
[11:02:33] [main/DEBUG] [REI] ========================================
[11:02:33] [main/DEBUG] [REI] REIServerPlugin starting post-reload for START.
[11:02:33] [main/DEBUG] [REI] Reloadables (2):
[11:02:33] [main/DEBUG] [REI]  - MenuInfoRegistryImpl
[11:02:33] [main/DEBUG] [REI]  - SlotAccessorRegistryImpl
[11:02:33] [main/DEBUG] [REI] Plugins (3):
[11:02:33] [main/DEBUG] [REI]  - (-100,00) DefaultPluginImpl of DefaultPluginImpl [roughlyenoughitems]
[11:02:33] [main/DEBUG] [REI]  - (0,00) QuarryReiPlugin of QuarryReiPlugin [quarryplus]
[11:02:33] [main/DEBUG] [REI]  - (0,00) DefaultRuntimePlugin of DefaultRuntimePlugin [roughlyenoughitems]
[11:02:33] [main/DEBUG] [REI] ========================================
[11:02:33] [main/TRACE] [REI] [REIServerPlugin START] Reloading Section: "post-register/"
[11:02:33] [main/TRACE] [REI] [REIServerPlugin START] Reloading Section: "post-register/DefaultPluginImpl of DefaultPluginImpl [roughlyenoughitems]/"
[11:02:33] [main/TRACE] [REI] [REIServerPlugin START] Reloading Section: "post-register/DefaultPluginImpl of DefaultPluginImpl [roughlyenoughitems]/" done in 13.50 μs
[11:02:33] [main/TRACE] [REI] [REIServerPlugin START] Reloading Section: "post-register/QuarryReiPlugin of QuarryReiPlugin [quarryplus]/"
[11:02:33] [main/TRACE] [REI] [REIServerPlugin START] Reloading Section: "post-register/QuarryReiPlugin of QuarryReiPlugin [quarryplus]/" done in 10.00 μs
[11:02:33] [main/TRACE] [REI] [REIServerPlugin START] Reloading Section: "post-register/DefaultRuntimePlugin of DefaultRuntimePlugin [roughlyenoughitems]/"
[11:02:33] [main/TRACE] [REI] [REIServerPlugin START] Reloading Section: "post-register/DefaultRuntimePlugin of DefaultRuntimePlugin [roughlyenoughitems]/" done in 6.700 μs
[11:02:33] [main/TRACE] [REI] [REIServerPlugin START] Reloading Section: "post-register/" done in 303.6 μs
[11:02:33] [main/TRACE] [REI] [REIServerPlugin START] Reloading Section: "post-stage/"
[11:02:33] [main/TRACE] [REI] [REIServerPlugin START] Reloading Section: "post-stage/MenuInfoRegistryImpl/"
[11:02:33] [main/TRACE] [REI] [REIServerPlugin START] Reloading Section: "post-stage/MenuInfoRegistryImpl/" done in 4.900 μs
[11:02:33] [main/TRACE] [REI] [REIServerPlugin START] Reloading Section: "post-stage/SlotAccessorRegistryImpl/"
[11:02:33] [main/TRACE] [REI] [REIServerPlugin START] Reloading Section: "post-stage/SlotAccessorRegistryImpl/" done in 3.300 μs
[11:02:33] [main/TRACE] [REI] [REIServerPlugin START] Reloading Section: "post-stage/" done in 187.2 μs
[11:02:33] [main/DEBUG] [REI] ========================================
[11:02:33] [main/INFO] [REI] REIServerPlugin finished post-reload for START in 695.3 μs, totaling 9.635 ms.
[11:02:33] [main/DEBUG] [REI] ========================================
[11:02:33] [main/DEBUG] [REI] ========================================
[11:02:33] [main/DEBUG] [REI] REIPlugin starting pre-reload for END.
[11:02:33] [main/DEBUG] [REI] Reloadables (7):
[11:02:33] [main/DEBUG] [REI]  - EntryTypeRegistryImpl
[11:02:33] [main/DEBUG] [REI]  - EntrySettingsAdapterRegistryImpl
[11:02:33] [main/DEBUG] [REI]  - RecipeManagerContextImpl
[11:02:33] [main/DEBUG] [REI]  - ItemComparatorRegistryImpl
[11:02:33] [main/DEBUG] [REI]  - FluidComparatorRegistryImpl
[11:02:33] [main/DEBUG] [REI]  - DisplaySerializerRegistryImpl
[11:02:33] [main/DEBUG] [REI]  - FluidSupportProviderImpl
[11:02:33] [main/DEBUG] [REI] Plugins (3):
[11:02:33] [main/DEBUG] [REI]  - (-100,00) DefaultPluginImpl of DefaultPluginImpl [roughlyenoughitems]
[11:02:33] [main/DEBUG] [REI]  - (0,00) DefaultRuntimePlugin of DefaultRuntimePlugin [roughlyenoughitems]
[11:02:33] [main/DEBUG] [REI]  - (0,00) QuarryReiPlugin of QuarryReiPlugin [quarryplus]
[11:02:33] [main/DEBUG] [REI] ========================================
[11:02:33] [main/TRACE] [REI] [REIPlugin END] Reloading Section: "pre-register/"
[11:02:33] [main/TRACE] [REI] [REIPlugin END] Reloading Section: "pre-register/DefaultPluginImpl of DefaultPluginImpl [roughlyenoughitems]/"
[11:02:33] [main/TRACE] [REI] [REIPlugin END] Reloading Section: "pre-register/DefaultPluginImpl of DefaultPluginImpl [roughlyenoughitems]/" done in 12.20 μs
[11:02:33] [main/TRACE] [REI] [REIPlugin END] Reloading Section: "pre-register/DefaultRuntimePlugin of DefaultRuntimePlugin [roughlyenoughitems]/"
[11:02:33] [main/TRACE] [REI] [REIPlugin END] Reloading Section: "pre-register/DefaultRuntimePlugin of DefaultRuntimePlugin [roughlyenoughitems]/" done in 6.900 μs
[11:02:33] [main/TRACE] [REI] [REIPlugin END] Reloading Section: "pre-register/QuarryReiPlugin of QuarryReiPlugin [quarryplus]/"
[11:02:33] [main/TRACE] [REI] [REIPlugin END] Reloading Section: "pre-register/QuarryReiPlugin of QuarryReiPlugin [quarryplus]/" done in 22.70 μs
[11:02:33] [main/TRACE] [REI] [REIPlugin END] Reloading Section: "pre-register/" done in 352.2 μs
[11:02:33] [main/TRACE] [REI] [REIPlugin END] Reloading Section: "pre-stage/"
[11:02:33] [main/TRACE] [REI] [REIPlugin END] Reloading Section: "pre-stage/EntryTypeRegistryImpl/"
[11:02:33] [main/TRACE] [REI] [REIPlugin END] Reloading Section: "pre-stage/EntryTypeRegistryImpl/" done in 6.800 μs
[11:02:33] [main/TRACE] [REI] [REIPlugin END] Reloading Section: "pre-stage/EntrySettingsAdapterRegistryImpl/"
[11:02:33] [main/TRACE] [REI] [REIPlugin END] Reloading Section: "pre-stage/EntrySettingsAdapterRegistryImpl/" done in 5.900 μs
[11:02:33] [main/TRACE] [REI] [REIPlugin END] Reloading Section: "pre-stage/RecipeManagerContextImpl/"
[11:02:33] [main/TRACE] [REI] [REIPlugin END] Reloading Section: "pre-stage/RecipeManagerContextImpl/" done in 6.100 μs
[11:02:33] [main/TRACE] [REI] [REIPlugin END] Reloading Section: "pre-stage/ItemComparatorRegistryImpl/"
[11:02:33] [main/TRACE] [REI] [REIPlugin END] Reloading Section: "pre-stage/ItemComparatorRegistryImpl/" done in 8.200 μs
[11:02:33] [main/TRACE] [REI] [REIPlugin END] Reloading Section: "pre-stage/FluidComparatorRegistryImpl/"
[11:02:33] [main/TRACE] [REI] [REIPlugin END] Reloading Section: "pre-stage/FluidComparatorRegistryImpl/" done in 5.200 μs
[11:02:33] [main/TRACE] [REI] [REIPlugin END] Reloading Section: "pre-stage/DisplaySerializerRegistryImpl/"
[11:02:33] [main/TRACE] [REI] [REIPlugin END] Reloading Section: "pre-stage/DisplaySerializerRegistryImpl/" done in 5.000 μs
[11:02:33] [main/TRACE] [REI] [REIPlugin END] Reloading Section: "pre-stage/FluidSupportProviderImpl/"
[11:02:33] [main/TRACE] [REI] [REIPlugin END] Reloading Section: "pre-stage/FluidSupportProviderImpl/" done in 4.500 μs
[11:02:33] [main/TRACE] [REI] [REIPlugin END] Reloading Section: "pre-stage/" done in 809.0 μs
[11:02:33] [main/DEBUG] [REI] ========================================
[11:02:33] [main/DEBUG] [REI] REIPlugin finished pre-reload for END in 1.318 ms.
[11:02:33] [main/DEBUG] [REI] ========================================
[11:02:33] [main/DEBUG] [REI] ========================================
[11:02:33] [main/DEBUG] [REI] REIServerPlugin starting pre-reload for END.
[11:02:33] [main/DEBUG] [REI] Reloadables (2):
[11:02:33] [main/DEBUG] [REI]  - MenuInfoRegistryImpl
[11:02:33] [main/DEBUG] [REI]  - SlotAccessorRegistryImpl
[11:02:33] [main/DEBUG] [REI] Plugins (3):
[11:02:33] [main/DEBUG] [REI]  - (-100,00) DefaultPluginImpl of DefaultPluginImpl [roughlyenoughitems]
[11:02:33] [main/DEBUG] [REI]  - (0,00) QuarryReiPlugin of QuarryReiPlugin [quarryplus]
[11:02:33] [main/DEBUG] [REI]  - (0,00) DefaultRuntimePlugin of DefaultRuntimePlugin [roughlyenoughitems]
[11:02:33] [main/DEBUG] [REI] ========================================
[11:02:33] [main/TRACE] [REI] [REIServerPlugin END] Reloading Section: "pre-register/"
[11:02:33] [main/TRACE] [REI] [REIServerPlugin END] Reloading Section: "pre-register/DefaultPluginImpl of DefaultPluginImpl [roughlyenoughitems]/"
[11:02:33] [main/TRACE] [REI] [REIServerPlugin END] Reloading Section: "pre-register/DefaultPluginImpl of DefaultPluginImpl [roughlyenoughitems]/" done in 14.90 μs
[11:02:33] [main/TRACE] [REI] [REIServerPlugin END] Reloading Section: "pre-register/QuarryReiPlugin of QuarryReiPlugin [quarryplus]/"
[11:02:33] [main/TRACE] [REI] [REIServerPlugin END] Reloading Section: "pre-register/QuarryReiPlugin of QuarryReiPlugin [quarryplus]/" done in 7.600 μs
[11:02:33] [main/TRACE] [REI] [REIServerPlugin END] Reloading Section: "pre-register/DefaultRuntimePlugin of DefaultRuntimePlugin [roughlyenoughitems]/"
[11:02:33] [main/TRACE] [REI] [REIServerPlugin END] Reloading Section: "pre-register/DefaultRuntimePlugin of DefaultRuntimePlugin [roughlyenoughitems]/" done in 4.600 μs
[11:02:33] [main/TRACE] [REI] [REIServerPlugin END] Reloading Section: "pre-register/" done in 301.6 μs
[11:02:33] [main/TRACE] [REI] [REIServerPlugin END] Reloading Section: "pre-stage/"
[11:02:33] [main/TRACE] [REI] [REIServerPlugin END] Reloading Section: "pre-stage/MenuInfoRegistryImpl/"
[11:02:33] [main/TRACE] [REI] [REIServerPlugin END] Reloading Section: "pre-stage/MenuInfoRegistryImpl/" done in 5.500 μs
[11:02:33] [main/TRACE] [REI] [REIServerPlugin END] Reloading Section: "pre-stage/SlotAccessorRegistryImpl/"
[11:02:33] [main/TRACE] [REI] [REIServerPlugin END] Reloading Section: "pre-stage/SlotAccessorRegistryImpl/" done in 4.000 μs
[11:02:33] [main/TRACE] [REI] [REIServerPlugin END] Reloading Section: "pre-stage/" done in 156.4 μs
[11:02:33] [main/DEBUG] [REI] ========================================
[11:02:33] [main/DEBUG] [REI] REIServerPlugin finished pre-reload for END in 725.2 μs.
[11:02:33] [main/DEBUG] [REI] ========================================
[11:02:33] [main/INFO] [REI] OOOOOOOOOOOOOOOOOOOOOOOOOOOOOOOOOOOOOOOO
[11:02:33] [main/INFO] [REI] REIPlugin starting main-reload for END.
[11:02:33] [main/DEBUG] [REI] Reloadables (7):
[11:02:33] [main/DEBUG] [REI]  - EntryTypeRegistryImpl
[11:02:33] [main/DEBUG] [REI]  - EntrySettingsAdapterRegistryImpl
[11:02:33] [main/DEBUG] [REI]  - RecipeManagerContextImpl
[11:02:33] [main/DEBUG] [REI]  - ItemComparatorRegistryImpl
[11:02:33] [main/DEBUG] [REI]  - FluidComparatorRegistryImpl
[11:02:33] [main/DEBUG] [REI]  - DisplaySerializerRegistryImpl
[11:02:33] [main/DEBUG] [REI]  - FluidSupportProviderImpl
[11:02:33] [main/INFO] [REI] Plugins (3):
[11:02:33] [main/INFO] [REI]  - (-100,00) DefaultPluginImpl of DefaultPluginImpl [roughlyenoughitems]
[11:02:33] [main/INFO] [REI]  - (0,00) DefaultRuntimePlugin of DefaultRuntimePlugin [roughlyenoughitems]
[11:02:33] [main/INFO] [REI]  - (0,00) QuarryReiPlugin of QuarryReiPlugin [quarryplus]
[11:02:33] [main/INFO] [REI] OOOOOOOOOOOOOOOOOOOOOOOOOOOOOOOOOOOOOOOO
[11:02:33] [main/TRACE] [REI] [REIPlugin END] Reloading Section: "start-reload/"
[11:02:33] [main/TRACE] [REI] [REIPlugin END] Reloading Section: "start-reload/EntryTypeRegistryImpl/"
[11:02:33] [main/TRACE] [REI] [REIPlugin END] Reloading Section: "start-reload/EntryTypeRegistryImpl/" done in 9.200 μs
[11:02:33] [main/TRACE] [REI] [REIPlugin END] Reloading Section: "start-reload/EntrySettingsAdapterRegistryImpl/"
[11:02:33] [main/TRACE] [REI] [REIPlugin END] Reloading Section: "start-reload/EntrySettingsAdapterRegistryImpl/" done in 12.80 μs
[11:02:33] [main/TRACE] [REI] [REIPlugin END] Reloading Section: "start-reload/RecipeManagerContextImpl/"
[11:02:33] [main/TRACE] [REI] [REIPlugin END] Reloading Section: "start-reload/RecipeManagerContextImpl/" done in 4.300 μs
[11:02:33] [main/TRACE] [REI] [REIPlugin END] Reloading Section: "start-reload/ItemComparatorRegistryImpl/"
[11:02:33] [main/TRACE] [REI] [REIPlugin END] Reloading Section: "start-reload/ItemComparatorRegistryImpl/" done in 4.000 μs
[11:02:33] [main/TRACE] [REI] [REIPlugin END] Reloading Section: "start-reload/FluidComparatorRegistryImpl/"
[11:02:33] [main/TRACE] [REI] [REIPlugin END] Reloading Section: "start-reload/FluidComparatorRegistryImpl/" done in 3.200 μs
[11:02:33] [main/TRACE] [REI] [REIPlugin END] Reloading Section: "start-reload/DisplaySerializerRegistryImpl/"
[11:02:33] [main/TRACE] [REI] [REIPlugin END] Reloading Section: "start-reload/DisplaySerializerRegistryImpl/" done in 7.300 μs
[11:02:33] [main/TRACE] [REI] [REIPlugin END] Reloading Section: "start-reload/FluidSupportProviderImpl/"
[11:02:33] [main/TRACE] [REI] [REIPlugin END] Reloading Section: "start-reload/FluidSupportProviderImpl/" done in 3.100 μs
[11:02:33] [main/TRACE] [REI] [REIPlugin END] Reloading Section: "start-reload/" done in 480.8 μs
[11:02:33] [main/DEBUG] [REI] ========================================
[11:02:33] [main/DEBUG] [REI] REIPlugin started main-reload for END.
[11:02:33] [main/DEBUG] [REI] ========================================
[11:02:33] [main/TRACE] [REI] [REIPlugin END] Reloading Section: "reloadable-plugin/EntryTypeRegistryImpl/"
[11:02:33] [main/TRACE] [REI] [REIPlugin END] Reloading Section: "reloadable-plugin/EntryTypeRegistryImpl/DefaultPluginImpl of DefaultPluginImpl [roughlyenoughitems]/"
[11:02:33] [main/TRACE] [REI] [REIPlugin END] Reloading Section: "reloadable-plugin/EntryTypeRegistryImpl/DefaultPluginImpl of DefaultPluginImpl [roughlyenoughitems]/" done in 8.600 μs
[11:02:33] [main/TRACE] [REI] [REIPlugin END] Reloading Section: "reloadable-plugin/EntryTypeRegistryImpl/DefaultRuntimePlugin of DefaultRuntimePlugin [roughlyenoughitems]/"
[11:02:33] [main/TRACE] [REI] [REIPlugin END] Reloading Section: "reloadable-plugin/EntryTypeRegistryImpl/DefaultRuntimePlugin of DefaultRuntimePlugin [roughlyenoughitems]/" done in 5.600 μs
[11:02:33] [main/TRACE] [REI] [REIPlugin END] Reloading Section: "reloadable-plugin/EntryTypeRegistryImpl/QuarryReiPlugin of QuarryReiPlugin [quarryplus]/"
[11:02:33] [main/TRACE] [REI] [REIPlugin END] Reloading Section: "reloadable-plugin/EntryTypeRegistryImpl/QuarryReiPlugin of QuarryReiPlugin [quarryplus]/" done in 9.100 μs
[11:02:33] [main/TRACE] [REI] [REIPlugin END] Reloading Section: "reloadable-plugin/EntryTypeRegistryImpl/" done in 298.5 μs
[11:02:33] [main/TRACE] [REI] [REIPlugin END] Reloading Section: "reloadable-plugin/EntrySettingsAdapterRegistryImpl/"
[11:02:33] [main/TRACE] [REI] [REIPlugin END] Reloading Section: "reloadable-plugin/EntrySettingsAdapterRegistryImpl/DefaultPluginImpl of DefaultPluginImpl [roughlyenoughitems]/"
[11:02:33] [main/TRACE] [REI] [REIPlugin END] Reloading Section: "reloadable-plugin/EntrySettingsAdapterRegistryImpl/DefaultPluginImpl of DefaultPluginImpl [roughlyenoughitems]/" done in 17.80 μs
[11:02:33] [main/TRACE] [REI] [REIPlugin END] Reloading Section: "reloadable-plugin/EntrySettingsAdapterRegistryImpl/DefaultRuntimePlugin of DefaultRuntimePlugin [roughlyenoughitems]/"
[11:02:33] [main/TRACE] [REI] [REIPlugin END] Reloading Section: "reloadable-plugin/EntrySettingsAdapterRegistryImpl/DefaultRuntimePlugin of DefaultRuntimePlugin [roughlyenoughitems]/" done in 57.40 μs
[11:02:33] [main/TRACE] [REI] [REIPlugin END] Reloading Section: "reloadable-plugin/EntrySettingsAdapterRegistryImpl/QuarryReiPlugin of QuarryReiPlugin [quarryplus]/"
[11:02:33] [main/TRACE] [REI] [REIPlugin END] Reloading Section: "reloadable-plugin/EntrySettingsAdapterRegistryImpl/QuarryReiPlugin of QuarryReiPlugin [quarryplus]/" done in 16.20 μs
[11:02:33] [main/TRACE] [REI] [REIPlugin END] Reloading Section: "reloadable-plugin/EntrySettingsAdapterRegistryImpl/" done in 488.9 μs
[11:02:33] [main/TRACE] [REI] [REIPlugin END] Reloading Section: "reloadable-plugin/RecipeManagerContextImpl/"
[11:02:33] [main/TRACE] [REI] [REIPlugin END] Reloading Section: "reloadable-plugin/RecipeManagerContextImpl/DefaultPluginImpl of DefaultPluginImpl [roughlyenoughitems]/"
[11:02:33] [main/TRACE] [REI] [REIPlugin END] Reloading Section: "reloadable-plugin/RecipeManagerContextImpl/DefaultPluginImpl of DefaultPluginImpl [roughlyenoughitems]/" done in 8.700 μs
[11:02:33] [main/TRACE] [REI] [REIPlugin END] Reloading Section: "reloadable-plugin/RecipeManagerContextImpl/DefaultRuntimePlugin of DefaultRuntimePlugin [roughlyenoughitems]/"
[11:02:33] [main/TRACE] [REI] [REIPlugin END] Reloading Section: "reloadable-plugin/RecipeManagerContextImpl/DefaultRuntimePlugin of DefaultRuntimePlugin [roughlyenoughitems]/" done in 7.700 μs
[11:02:33] [main/TRACE] [REI] [REIPlugin END] Reloading Section: "reloadable-plugin/RecipeManagerContextImpl/QuarryReiPlugin of QuarryReiPlugin [quarryplus]/"
[11:02:33] [main/TRACE] [REI] [REIPlugin END] Reloading Section: "reloadable-plugin/RecipeManagerContextImpl/QuarryReiPlugin of QuarryReiPlugin [quarryplus]/" done in 5.800 μs
[11:02:33] [main/TRACE] [REI] [REIPlugin END] Reloading Section: "reloadable-plugin/RecipeManagerContextImpl/" done in 227.9 μs
[11:02:33] [main/TRACE] [REI] [REIPlugin END] Reloading Section: "reloadable-plugin/ItemComparatorRegistryImpl/"
[11:02:33] [main/TRACE] [REI] [REIPlugin END] Reloading Section: "reloadable-plugin/ItemComparatorRegistryImpl/DefaultPluginImpl of DefaultPluginImpl [roughlyenoughitems]/"
[11:02:33] [main/TRACE] [REI] [REIPlugin END] Reloading Section: "reloadable-plugin/ItemComparatorRegistryImpl/DefaultPluginImpl of DefaultPluginImpl [roughlyenoughitems]/" done in 5.300 μs
[11:02:33] [main/TRACE] [REI] [REIPlugin END] Reloading Section: "reloadable-plugin/ItemComparatorRegistryImpl/DefaultRuntimePlugin of DefaultRuntimePlugin [roughlyenoughitems]/"
[11:02:33] [main/TRACE] [REI] [REIPlugin END] Reloading Section: "reloadable-plugin/ItemComparatorRegistryImpl/DefaultRuntimePlugin of DefaultRuntimePlugin [roughlyenoughitems]/" done in 5.300 μs
[11:02:33] [main/TRACE] [REI] [REIPlugin END] Reloading Section: "reloadable-plugin/ItemComparatorRegistryImpl/QuarryReiPlugin of QuarryReiPlugin [quarryplus]/"
[11:02:33] [main/TRACE] [REI] [REIPlugin END] Reloading Section: "reloadable-plugin/ItemComparatorRegistryImpl/QuarryReiPlugin of QuarryReiPlugin [quarryplus]/" done in 10.60 μs
[11:02:33] [main/TRACE] [REI] [REIPlugin END] Reloading Section: "reloadable-plugin/ItemComparatorRegistryImpl/" done in 181.9 μs
[11:02:33] [main/TRACE] [REI] [REIPlugin END] Reloading Section: "reloadable-plugin/FluidComparatorRegistryImpl/"
[11:02:33] [main/TRACE] [REI] [REIPlugin END] Reloading Section: "reloadable-plugin/FluidComparatorRegistryImpl/DefaultPluginImpl of DefaultPluginImpl [roughlyenoughitems]/"
[11:02:33] [main/TRACE] [REI] [REIPlugin END] Reloading Section: "reloadable-plugin/FluidComparatorRegistryImpl/DefaultPluginImpl of DefaultPluginImpl [roughlyenoughitems]/" done in 5.300 μs
[11:02:33] [main/TRACE] [REI] [REIPlugin END] Reloading Section: "reloadable-plugin/FluidComparatorRegistryImpl/DefaultRuntimePlugin of DefaultRuntimePlugin [roughlyenoughitems]/"
[11:02:33] [main/TRACE] [REI] [REIPlugin END] Reloading Section: "reloadable-plugin/FluidComparatorRegistryImpl/DefaultRuntimePlugin of DefaultRuntimePlugin [roughlyenoughitems]/" done in 22.50 μs
[11:02:33] [main/TRACE] [REI] [REIPlugin END] Reloading Section: "reloadable-plugin/FluidComparatorRegistryImpl/QuarryReiPlugin of QuarryReiPlugin [quarryplus]/"
[11:02:33] [main/TRACE] [REI] [REIPlugin END] Reloading Section: "reloadable-plugin/FluidComparatorRegistryImpl/QuarryReiPlugin of QuarryReiPlugin [quarryplus]/" done in 6.200 μs
[11:02:33] [main/TRACE] [REI] [REIPlugin END] Reloading Section: "reloadable-plugin/FluidComparatorRegistryImpl/" done in 215.0 μs
[11:02:33] [main/TRACE] [REI] [REIPlugin END] Reloading Section: "reloadable-plugin/DisplaySerializerRegistryImpl/"
[11:02:33] [main/TRACE] [REI] [REIPlugin END] Reloading Section: "reloadable-plugin/DisplaySerializerRegistryImpl/DefaultPluginImpl of DefaultPluginImpl [roughlyenoughitems]/"
[11:02:33] [main/TRACE] [REI] [REIPlugin END] Reloading Section: "reloadable-plugin/DisplaySerializerRegistryImpl/DefaultPluginImpl of DefaultPluginImpl [roughlyenoughitems]/" done in 21.05 ms
[11:02:33] [main/TRACE] [REI] [REIPlugin END] Reloading Section: "reloadable-plugin/DisplaySerializerRegistryImpl/DefaultRuntimePlugin of DefaultRuntimePlugin [roughlyenoughitems]/"
[11:02:33] [main/TRACE] [REI] [REIPlugin END] Reloading Section: "reloadable-plugin/DisplaySerializerRegistryImpl/DefaultRuntimePlugin of DefaultRuntimePlugin [roughlyenoughitems]/" done in 17.80 μs
[11:02:33] [main/TRACE] [REI] [REIPlugin END] Reloading Section: "reloadable-plugin/DisplaySerializerRegistryImpl/QuarryReiPlugin of QuarryReiPlugin [quarryplus]/"
[11:02:33] [main/TRACE] [REI] [REIPlugin END] Reloading Section: "reloadable-plugin/DisplaySerializerRegistryImpl/QuarryReiPlugin of QuarryReiPlugin [quarryplus]/" done in 861.3 μs
[11:02:33] [main/TRACE] [REI] [REIPlugin END] Reloading Section: "reloadable-plugin/DisplaySerializerRegistryImpl/" done in 22.30 ms
[11:02:33] [main/TRACE] [REI] [REIPlugin END] Reloading Section: "reloadable-plugin/FluidSupportProviderImpl/"
[11:02:33] [main/TRACE] [REI] [REIPlugin END] Reloading Section: "reloadable-plugin/FluidSupportProviderImpl/DefaultPluginImpl of DefaultPluginImpl [roughlyenoughitems]/"
[11:02:33] [main/TRACE] [REI] [REIPlugin END] Reloading Section: "reloadable-plugin/FluidSupportProviderImpl/DefaultPluginImpl of DefaultPluginImpl [roughlyenoughitems]/" done in 7.800 μs
[11:02:33] [main/TRACE] [REI] [REIPlugin END] Reloading Section: "reloadable-plugin/FluidSupportProviderImpl/DefaultRuntimePlugin of DefaultRuntimePlugin [roughlyenoughitems]/"
[11:02:33] [main/TRACE] [REI] [REIPlugin END] Reloading Section: "reloadable-plugin/FluidSupportProviderImpl/DefaultRuntimePlugin of DefaultRuntimePlugin [roughlyenoughitems]/" done in 5.500 μs
[11:02:33] [main/TRACE] [REI] [REIPlugin END] Reloading Section: "reloadable-plugin/FluidSupportProviderImpl/QuarryReiPlugin of QuarryReiPlugin [quarryplus]/"
[11:02:33] [main/TRACE] [REI] [REIPlugin END] Reloading Section: "reloadable-plugin/FluidSupportProviderImpl/QuarryReiPlugin of QuarryReiPlugin [quarryplus]/" done in 5.300 μs
[11:02:33] [main/TRACE] [REI] [REIPlugin END] Reloading Section: "reloadable-plugin/FluidSupportProviderImpl/" done in 179.2 μs
[11:02:33] [main/DEBUG] [REI] ========================================
[11:02:33] [main/DEBUG] [REI] REIPlugin ending main-reload for END.
[11:02:33] [main/DEBUG] [REI] ========================================
[11:02:33] [main/TRACE] [REI] [REIPlugin END] Reloading Section: "end-reload/"
[11:02:33] [main/TRACE] [REI] [REIPlugin END] Reloading Section: "end-reload/EntryTypeRegistryImpl/"
[11:02:33] [main/TRACE] [REI] [REIPlugin END] Reloading Section: "end-reload/EntryTypeRegistryImpl/" done in 3.100 μs
[11:02:33] [main/TRACE] [REI] [REIPlugin END] Reloading Section: "end-reload/EntrySettingsAdapterRegistryImpl/"
[11:02:33] [main/TRACE] [REI] [REIPlugin END] Reloading Section: "end-reload/EntrySettingsAdapterRegistryImpl/" done in 2.800 μs
[11:02:33] [main/TRACE] [REI] [REIPlugin END] Reloading Section: "end-reload/RecipeManagerContextImpl/"
[11:02:33] [main/TRACE] [REI] [REIPlugin END] Reloading Section: "end-reload/RecipeManagerContextImpl/" done in 2.500 μs
[11:02:33] [main/TRACE] [REI] [REIPlugin END] Reloading Section: "end-reload/ItemComparatorRegistryImpl/"
[11:02:33] [main/TRACE] [REI] [REIPlugin END] Reloading Section: "end-reload/ItemComparatorRegistryImpl/" done in 3.100 μs
[11:02:33] [main/TRACE] [REI] [REIPlugin END] Reloading Section: "end-reload/FluidComparatorRegistryImpl/"
[11:02:33] [main/TRACE] [REI] [REIPlugin END] Reloading Section: "end-reload/FluidComparatorRegistryImpl/" done in 3.400 μs
[11:02:33] [main/TRACE] [REI] [REIPlugin END] Reloading Section: "end-reload/DisplaySerializerRegistryImpl/"
[11:02:33] [main/TRACE] [REI] [REIPlugin END] Reloading Section: "end-reload/DisplaySerializerRegistryImpl/" done in 2.900 μs
[11:02:33] [main/TRACE] [REI] [REIPlugin END] Reloading Section: "end-reload/FluidSupportProviderImpl/"
[11:02:33] [main/TRACE] [REI] [REIPlugin END] Reloading Section: "end-reload/FluidSupportProviderImpl/" done in 2.900 μs
[11:02:33] [main/TRACE] [REI] [REIPlugin END] Reloading Section: "end-reload/" done in 403.5 μs
[11:02:33] [main/DEBUG] [REI] ========================================
[11:02:33] [main/DEBUG] [REI] REIPlugin ended main-reload for END in 28.52 ms.
[11:02:33] [main/DEBUG] [REI] ========================================
[11:02:33] [main/INFO] [REI] ****************************************
[11:02:33] [main/INFO] [REI] REIServerPlugin starting main-reload for END.
[11:02:33] [main/DEBUG] [REI] Reloadables (2):
[11:02:33] [main/DEBUG] [REI]  - MenuInfoRegistryImpl
[11:02:33] [main/DEBUG] [REI]  - SlotAccessorRegistryImpl
[11:02:33] [main/INFO] [REI] Plugins (3):
[11:02:33] [main/INFO] [REI]  - (-100,00) DefaultPluginImpl of DefaultPluginImpl [roughlyenoughitems]
[11:02:33] [main/INFO] [REI]  - (0,00) QuarryReiPlugin of QuarryReiPlugin [quarryplus]
[11:02:33] [main/INFO] [REI]  - (0,00) DefaultRuntimePlugin of DefaultRuntimePlugin [roughlyenoughitems]
[11:02:33] [main/INFO] [REI] ****************************************
[11:02:33] [main/TRACE] [REI] [REIServerPlugin END] Reloading Section: "start-reload/"
[11:02:33] [main/TRACE] [REI] [REIServerPlugin END] Reloading Section: "start-reload/MenuInfoRegistryImpl/"
[11:02:33] [main/TRACE] [REI] [REIServerPlugin END] Reloading Section: "start-reload/MenuInfoRegistryImpl/" done in 21.70 μs
[11:02:33] [main/TRACE] [REI] [REIServerPlugin END] Reloading Section: "start-reload/SlotAccessorRegistryImpl/"
[11:02:33] [main/TRACE] [REI] [REIServerPlugin END] Reloading Section: "start-reload/SlotAccessorRegistryImpl/" done in 8.300 μs
[11:02:33] [main/TRACE] [REI] [REIServerPlugin END] Reloading Section: "start-reload/" done in 170.2 μs
[11:02:33] [main/DEBUG] [REI] ========================================
[11:02:33] [main/DEBUG] [REI] REIServerPlugin started main-reload for END.
[11:02:33] [main/DEBUG] [REI] ========================================
[11:02:33] [main/TRACE] [REI] [REIServerPlugin END] Reloading Section: "reloadable-plugin/MenuInfoRegistryImpl/"
[11:02:33] [main/TRACE] [REI] [REIServerPlugin END] Reloading Section: "reloadable-plugin/MenuInfoRegistryImpl/DefaultPluginImpl of DefaultPluginImpl [roughlyenoughitems]/"
[11:02:33] [main/TRACE] [REI] [REIServerPlugin END] Reloading Section: "reloadable-plugin/MenuInfoRegistryImpl/DefaultPluginImpl of DefaultPluginImpl [roughlyenoughitems]/" done in 16.00 μs
[11:02:33] [main/TRACE] [REI] [REIServerPlugin END] Reloading Section: "reloadable-plugin/MenuInfoRegistryImpl/QuarryReiPlugin of QuarryReiPlugin [quarryplus]/"
[11:02:33] [main/TRACE] [REI] [REIServerPlugin END] Reloading Section: "reloadable-plugin/MenuInfoRegistryImpl/QuarryReiPlugin of QuarryReiPlugin [quarryplus]/" done in 6.000 μs
[11:02:33] [main/TRACE] [REI] [REIServerPlugin END] Reloading Section: "reloadable-plugin/MenuInfoRegistryImpl/DefaultRuntimePlugin of DefaultRuntimePlugin [roughlyenoughitems]/"
[11:02:33] [main/TRACE] [REI] [REIServerPlugin END] Reloading Section: "reloadable-plugin/MenuInfoRegistryImpl/DefaultRuntimePlugin of DefaultRuntimePlugin [roughlyenoughitems]/" done in 5.300 μs
[11:02:33] [main/TRACE] [REI] [REIServerPlugin END] Reloading Section: "reloadable-plugin/MenuInfoRegistryImpl/" done in 227.4 μs
[11:02:33] [main/TRACE] [REI] [REIServerPlugin END] Reloading Section: "reloadable-plugin/SlotAccessorRegistryImpl/"
[11:02:33] [main/TRACE] [REI] [REIServerPlugin END] Reloading Section: "reloadable-plugin/SlotAccessorRegistryImpl/DefaultPluginImpl of DefaultPluginImpl [roughlyenoughitems]/"
[11:02:33] [main/TRACE] [REI] [REIServerPlugin END] Reloading Section: "reloadable-plugin/SlotAccessorRegistryImpl/DefaultPluginImpl of DefaultPluginImpl [roughlyenoughitems]/" done in 11.30 μs
[11:02:33] [main/TRACE] [REI] [REIServerPlugin END] Reloading Section: "reloadable-plugin/SlotAccessorRegistryImpl/QuarryReiPlugin of QuarryReiPlugin [quarryplus]/"
[11:02:33] [main/TRACE] [REI] [REIServerPlugin END] Reloading Section: "reloadable-plugin/SlotAccessorRegistryImpl/QuarryReiPlugin of QuarryReiPlugin [quarryplus]/" done in 5.800 μs
[11:02:33] [main/TRACE] [REI] [REIServerPlugin END] Reloading Section: "reloadable-plugin/SlotAccessorRegistryImpl/DefaultRuntimePlugin of DefaultRuntimePlugin [roughlyenoughitems]/"
[11:02:33] [main/DEBUG] [REI] Added slot accessor serializer: me.shedaniel.rei.plugin.common.runtime.DefaultRuntimePlugin$1@38e383cc [roughlyenoughitems:vanilla]
[11:02:33] [main/DEBUG] [REI] Added slot accessor serializer: me.shedaniel.rei.plugin.common.runtime.DefaultRuntimePlugin$2@639a5c87 [roughlyenoughitems:player]
[11:02:33] [main/TRACE] [REI] [REIServerPlugin END] Reloading Section: "reloadable-plugin/SlotAccessorRegistryImpl/DefaultRuntimePlugin of DefaultRuntimePlugin [roughlyenoughitems]/" done in 1.864 ms
[11:02:33] [main/TRACE] [REI] [REIServerPlugin END] Reloading Section: "reloadable-plugin/SlotAccessorRegistryImpl/" done in 2.100 ms
[11:02:33] [main/DEBUG] [REI] ========================================
[11:02:33] [main/DEBUG] [REI] REIServerPlugin ending main-reload for END.
[11:02:33] [main/DEBUG] [REI] ========================================
[11:02:33] [main/TRACE] [REI] [REIServerPlugin END] Reloading Section: "end-reload/"
[11:02:33] [main/TRACE] [REI] [REIServerPlugin END] Reloading Section: "end-reload/MenuInfoRegistryImpl/"
[11:02:33] [main/DEBUG] [REI] Registered 0 menu infos
[11:02:33] [main/TRACE] [REI] [REIServerPlugin END] Reloading Section: "end-reload/MenuInfoRegistryImpl/" done in 56.90 μs
[11:02:33] [main/TRACE] [REI] [REIServerPlugin END] Reloading Section: "end-reload/SlotAccessorRegistryImpl/"
[11:02:33] [main/DEBUG] [REI] Registered 2 slot accessor serializers
[11:02:33] [main/TRACE] [REI] [REIServerPlugin END] Reloading Section: "end-reload/SlotAccessorRegistryImpl/" done in 43.30 μs
[11:02:33] [main/TRACE] [REI] [REIServerPlugin END] Reloading Section: "end-reload/" done in 288.9 μs
[11:02:33] [main/DEBUG] [REI] ========================================
[11:02:33] [main/DEBUG] [REI] REIServerPlugin ended main-reload for END in 9.977 ms.
[11:02:33] [main/DEBUG] [REI] ========================================
[11:02:33] [main/DEBUG] [REI] ========================================
[11:02:33] [main/DEBUG] [REI] REIPlugin starting post-reload for END.
[11:02:33] [main/DEBUG] [REI] Reloadables (7):
[11:02:33] [main/DEBUG] [REI]  - EntryTypeRegistryImpl
[11:02:33] [main/DEBUG] [REI]  - EntrySettingsAdapterRegistryImpl
[11:02:33] [main/DEBUG] [REI]  - RecipeManagerContextImpl
[11:02:33] [main/DEBUG] [REI]  - ItemComparatorRegistryImpl
[11:02:33] [main/DEBUG] [REI]  - FluidComparatorRegistryImpl
[11:02:33] [main/DEBUG] [REI]  - DisplaySerializerRegistryImpl
[11:02:33] [main/DEBUG] [REI]  - FluidSupportProviderImpl
[11:02:33] [main/DEBUG] [REI] Plugins (3):
[11:02:33] [main/DEBUG] [REI]  - (-100,00) DefaultPluginImpl of DefaultPluginImpl [roughlyenoughitems]
[11:02:33] [main/DEBUG] [REI]  - (0,00) DefaultRuntimePlugin of DefaultRuntimePlugin [roughlyenoughitems]
[11:02:33] [main/DEBUG] [REI]  - (0,00) QuarryReiPlugin of QuarryReiPlugin [quarryplus]
[11:02:33] [main/DEBUG] [REI] ========================================
[11:02:33] [main/TRACE] [REI] [REIPlugin END] Reloading Section: "post-register/"
[11:02:33] [main/TRACE] [REI] [REIPlugin END] Reloading Section: "post-register/DefaultPluginImpl of DefaultPluginImpl [roughlyenoughitems]/"
[11:02:33] [main/TRACE] [REI] [REIPlugin END] Reloading Section: "post-register/DefaultPluginImpl of DefaultPluginImpl [roughlyenoughitems]/" done in 13.90 μs
[11:02:33] [main/TRACE] [REI] [REIPlugin END] Reloading Section: "post-register/DefaultRuntimePlugin of DefaultRuntimePlugin [roughlyenoughitems]/"
[11:02:33] [main/TRACE] [REI] [REIPlugin END] Reloading Section: "post-register/DefaultRuntimePlugin of DefaultRuntimePlugin [roughlyenoughitems]/" done in 6.000 μs
[11:02:33] [main/TRACE] [REI] [REIPlugin END] Reloading Section: "post-register/QuarryReiPlugin of QuarryReiPlugin [quarryplus]/"
[11:02:33] [main/TRACE] [REI] [REIPlugin END] Reloading Section: "post-register/QuarryReiPlugin of QuarryReiPlugin [quarryplus]/" done in 4.200 μs
[11:02:33] [main/TRACE] [REI] [REIPlugin END] Reloading Section: "post-register/" done in 200.5 μs
[11:02:33] [main/TRACE] [REI] [REIPlugin END] Reloading Section: "post-stage/"
[11:02:33] [main/TRACE] [REI] [REIPlugin END] Reloading Section: "post-stage/EntryTypeRegistryImpl/"
[11:02:33] [main/TRACE] [REI] [REIPlugin END] Reloading Section: "post-stage/EntryTypeRegistryImpl/" done in 3.900 μs
[11:02:33] [main/TRACE] [REI] [REIPlugin END] Reloading Section: "post-stage/EntrySettingsAdapterRegistryImpl/"
[11:02:33] [main/TRACE] [REI] [REIPlugin END] Reloading Section: "post-stage/EntrySettingsAdapterRegistryImpl/" done in 3.200 μs
[11:02:33] [main/TRACE] [REI] [REIPlugin END] Reloading Section: "post-stage/RecipeManagerContextImpl/"
[11:02:33] [main/TRACE] [REI] [REIPlugin END] Reloading Section: "post-stage/RecipeManagerContextImpl/" done in 2.700 μs
[11:02:33] [main/TRACE] [REI] [REIPlugin END] Reloading Section: "post-stage/ItemComparatorRegistryImpl/"
[11:02:33] [main/TRACE] [REI] [REIPlugin END] Reloading Section: "post-stage/ItemComparatorRegistryImpl/" done in 2.500 μs
[11:02:33] [main/TRACE] [REI] [REIPlugin END] Reloading Section: "post-stage/FluidComparatorRegistryImpl/"
[11:02:33] [main/TRACE] [REI] [REIPlugin END] Reloading Section: "post-stage/FluidComparatorRegistryImpl/" done in 2.600 μs
[11:02:33] [main/TRACE] [REI] [REIPlugin END] Reloading Section: "post-stage/DisplaySerializerRegistryImpl/"
[11:02:33] [main/TRACE] [REI] [REIPlugin END] Reloading Section: "post-stage/DisplaySerializerRegistryImpl/" done in 2.400 μs
[11:02:33] [main/TRACE] [REI] [REIPlugin END] Reloading Section: "post-stage/FluidSupportProviderImpl/"
[11:02:33] [main/TRACE] [REI] [REIPlugin END] Reloading Section: "post-stage/FluidSupportProviderImpl/" done in 2.600 μs
[11:02:33] [main/TRACE] [REI] [REIPlugin END] Reloading Section: "post-stage/" done in 303.4 μs
[11:02:33] [main/DEBUG] [REI] ========================================
[11:02:33] [main/INFO] [REI] REIPlugin finished post-reload for END in 594.5 μs, totaling 30.41 ms.
[11:02:33] [main/DEBUG] [REI] ========================================
[11:02:33] [main/DEBUG] [REI] ========================================
[11:02:33] [main/DEBUG] [REI] REIServerPlugin starting post-reload for END.
[11:02:33] [main/DEBUG] [REI] Reloadables (2):
[11:02:33] [main/DEBUG] [REI]  - MenuInfoRegistryImpl
[11:02:33] [main/DEBUG] [REI]  - SlotAccessorRegistryImpl
[11:02:33] [main/DEBUG] [REI] Plugins (3):
[11:02:33] [main/DEBUG] [REI]  - (-100,00) DefaultPluginImpl of DefaultPluginImpl [roughlyenoughitems]
[11:02:33] [main/DEBUG] [REI]  - (0,00) QuarryReiPlugin of QuarryReiPlugin [quarryplus]
[11:02:33] [main/DEBUG] [REI]  - (0,00) DefaultRuntimePlugin of DefaultRuntimePlugin [roughlyenoughitems]
[11:02:33] [main/DEBUG] [REI] ========================================
[11:02:33] [main/TRACE] [REI] [REIServerPlugin END] Reloading Section: "post-register/"
[11:02:33] [main/TRACE] [REI] [REIServerPlugin END] Reloading Section: "post-register/DefaultPluginImpl of DefaultPluginImpl [roughlyenoughitems]/"
[11:02:33] [main/TRACE] [REI] [REIServerPlugin END] Reloading Section: "post-register/DefaultPluginImpl of DefaultPluginImpl [roughlyenoughitems]/" done in 14.20 μs
[11:02:33] [main/TRACE] [REI] [REIServerPlugin END] Reloading Section: "post-register/QuarryReiPlugin of QuarryReiPlugin [quarryplus]/"
[11:02:33] [main/TRACE] [REI] [REIServerPlugin END] Reloading Section: "post-register/QuarryReiPlugin of QuarryReiPlugin [quarryplus]/" done in 6.600 μs
[11:02:33] [main/TRACE] [REI] [REIServerPlugin END] Reloading Section: "post-register/DefaultRuntimePlugin of DefaultRuntimePlugin [roughlyenoughitems]/"
[11:02:33] [main/TRACE] [REI] [REIServerPlugin END] Reloading Section: "post-register/DefaultRuntimePlugin of DefaultRuntimePlugin [roughlyenoughitems]/" done in 5.600 μs
[11:02:33] [main/TRACE] [REI] [REIServerPlugin END] Reloading Section: "post-register/" done in 265.8 μs
[11:02:33] [main/TRACE] [REI] [REIServerPlugin END] Reloading Section: "post-stage/"
[11:02:33] [main/TRACE] [REI] [REIServerPlugin END] Reloading Section: "post-stage/MenuInfoRegistryImpl/"
[11:02:33] [main/TRACE] [REI] [REIServerPlugin END] Reloading Section: "post-stage/MenuInfoRegistryImpl/" done in 5.300 μs
[11:02:33] [main/TRACE] [REI] [REIServerPlugin END] Reloading Section: "post-stage/SlotAccessorRegistryImpl/"
[11:02:33] [main/TRACE] [REI] [REIServerPlugin END] Reloading Section: "post-stage/SlotAccessorRegistryImpl/" done in 3.500 μs
[11:02:33] [main/TRACE] [REI] [REIServerPlugin END] Reloading Section: "post-stage/" done in 122.7 μs
[11:02:33] [main/DEBUG] [REI] ========================================
[11:02:33] [main/INFO] [REI] REIServerPlugin finished post-reload for END in 498.9 μs, totaling 11.18 ms.
[11:02:33] [main/DEBUG] [REI] ========================================
